2018-11-29 22:00:17"8804Array"
2018-11-29 22:00:33"8804Array"
2018-11-29 22:00:43"8780Array"
2018-11-29 22:00:49"8780Array"
2018-11-29 22:00:49"UPDATE `ysk_store` SET `fengmi_num`=fengmi_num-1.00 WHERE `uid` = 8780"
2018-11-29 22:00:49"UPDATE `ysk_store` SET `cangku_num`=cangku_num+1.00 WHERE `uid` = 8780"
2018-11-29 22:00:49"4UPDATE `ysk_user_award_execute` SET `is_success`='2' WHERE ( id=3871 )"
2018-11-29 22:00:49"3UPDATE `ysk_user_award_execute` SET `is_success`='2'"
2018-11-29 22:00:49"4UPDATE `ysk_user_award_execute` SET `is_success`='2' WHERE ( id=3872 )"
2018-11-29 22:00:53"8780Array"
2018-11-29 22:00:56"8780Array"
2018-11-29 22:01:03"8776Array"
2018-11-29 22:02:41"8776Array"
2018-11-29 22:02:49"8780Array"
2018-11-29 22:02:56"8804Array"
2018-11-29 22:02:58"8780Array"
2018-11-29 22:03:02"8780Array"
2018-11-29 22:03:09"8780Array"
2018-11-29 22:03:09"UPDATE `ysk_store` SET `fengmi_num`=fengmi_num-5.00 WHERE `uid` = 8780"
2018-11-29 22:03:09"UPDATE `ysk_store` SET `cangku_num`=cangku_num+5.00 WHERE `uid` = 8780"
2018-11-29 22:03:09"4UPDATE `ysk_user_award_execute` SET `is_success`='2' WHERE ( id=3875 )"
2018-11-29 22:03:09"3UPDATE `ysk_user_award_execute` SET `is_success`='2'"
2018-11-29 22:03:09{"uid":"8780"}
2018-11-29 22:03:09"4UPDATE `ysk_user_award_execute` SET `is_success`='2' WHERE ( id=3876 )"
2018-11-29 22:03:13"8780Array"
2018-11-29 22:03:20"8776Array"
2018-11-29 22:05:08"8804Array"
2018-11-29 22:05:21"8780Array"
2018-11-29 22:05:41"8804Array"
2018-11-29 22:05:44"8780Array"
2018-11-29 22:05:50"8780Array"
2018-11-29 22:05:50"UPDATE `ysk_store` SET `fengmi_num`=fengmi_num-10.00 WHERE `uid` = 8780"
2018-11-29 22:05:50"UPDATE `ysk_store` SET `cangku_num`=cangku_num+10.00 WHERE `uid` = 8780"
2018-11-29 22:05:50"4UPDATE `ysk_user_award_execute` SET `is_success`='2' WHERE ( id=3879 )"
2018-11-29 22:05:50"3UPDATE `ysk_user_award_execute` SET `is_success`='2' WHERE `user_id` = 8780"
2018-11-29 22:05:50{"uid":"8780","user_id":"8780"}
2018-11-29 22:05:50"4UPDATE `ysk_user_award_execute` SET `is_success`='2' WHERE ( id=3880 )"
2018-11-29 22:05:54"8780Array"
2018-11-29 22:06:01"8776Array"
2018-11-30 00:49:24"UPDATE `ysk_store` SET `fengmi_num`=fengmi_num-10.00 WHERE `uid` = 8776"
2018-11-30 00:49:24"UPDATE `ysk_store` SET `cangku_num`=cangku_num+10.00 WHERE `uid` = 8776"
2018-11-30 00:49:24"4UPDATE `ysk_user_award_execute` SET `is_success`='2' WHERE ( id=3909 )"
