[ 2018-12-14T09:48:56+08:00 ] 127.0.0.1 /
INFO: [ app_init ] --START--
INFO: Run Behavior\BuildLiteBehavior [ RunTime:0.000029s ]
INFO: [ app_init ] --END-- [ RunTime:0.000181s ]
INFO: [ app_begin ] --START--
INFO: Run Behavior\ReadHtmlCacheBehavior [ RunTime:0.003095s ]
INFO: Run Common\Behavior\CheckLangBehavior [ RunTime:0.008356s ]
INFO: [ app_begin ] --END-- [ RunTime:0.011668s ]
SQL: SHOW COLUMNS FROM `ysk_config` [ RunTime:0.0140s ]
SQL: SELECT `value`,`tip`,`options` FROM `ysk_config` WHERE `name` = 'TOGGLE_WEB_SITE' LIMIT 1   [ RunTime:0.0146s ]
SQL: SHOW COLUMNS FROM `ysk_user` [ RunTime:0.0163s ]
SQL: SHOW COLUMNS FROM `ysk_user` [ RunTime:0.0153s ]
NOTIC: [8] Undefined index: m D:\mikey\ThinkPHP\Common\functions.php 第 977 行.

[ 2018-12-14T09:48:56+08:00 ] 127.0.0.1 /Login/login/l/en-us.html
INFO: [ app_init ] --START--
INFO: Run Behavior\BuildLiteBehavior [ RunTime:0.000014s ]
INFO: [ app_init ] --END-- [ RunTime:0.000075s ]
INFO: [ app_begin ] --START--
INFO: Run Behavior\ReadHtmlCacheBehavior [ RunTime:0.001327s ]
INFO: Run Common\Behavior\CheckLangBehavior [ RunTime:0.003114s ]
INFO: [ app_begin ] --END-- [ RunTime:0.004539s ]
SQL: SHOW COLUMNS FROM `ysk_config` [ RunTime:0.0139s ]
SQL: SELECT `value`,`tip`,`options` FROM `ysk_config` WHERE `name` = 'TOGGLE_WEB_SITE' LIMIT 1   [ RunTime:0.0137s ]
INFO: [ view_parse ] --START--
INFO: [ template_filter ] --START--
INFO: Run Behavior\ContentReplaceBehavior [ RunTime:0.000496s ]
INFO: Run Behavior\TokenBuildBehavior [ RunTime:0.003618s ]
INFO: [ template_filter ] --END-- [ RunTime:0.004316s ]
NOTIC: [8] Undefined index: m D:\mikey\ThinkPHP\Common\functions.php 第 977 行.
NOTIC: [8] Undefined index: m D:\mikey\ThinkPHP\Common\functions.php 第 977 行.
NOTIC: [8] Undefined index: m D:\mikey\ThinkPHP\Common\functions.php 第 977 行.
NOTIC: [8] Undefined index: userid D:\mikey\shop\Runtime\Cache\Home\240394b6020b76fe00096cd3600e5be8.php 第 200 行.
INFO: Run Behavior\ParseTemplateBehavior [ RunTime:0.034052s ]
INFO: [ view_parse ] --END-- [ RunTime:0.034131s ]
INFO: [ view_filter ] --START--
INFO: Run Behavior\WriteHtmlCacheBehavior [ RunTime:0.001853s ]
INFO: [ view_filter ] --END-- [ RunTime:0.001909s ]
INFO: [ app_end ] --START--
INFO: Run Behavior\ShowPageTraceBehavior [ RunTime:0.001976s ]
INFO: [ app_end ] --END-- [ RunTime:0.002031s ]

[ 2018-12-14T09:48:56+08:00 ] 127.0.0.1 /favicon.ico
INFO: [ app_init ] --START--
INFO: Run Behavior\BuildLiteBehavior [ RunTime:0.000023s ]
INFO: [ app_init ] --END-- [ RunTime:0.000098s ]

[ 2018-12-14T09:49:06+08:00 ] 127.0.0.1 /favicon.ico
INFO: [ app_init ] --START--
INFO: Run Behavior\BuildLiteBehavior [ RunTime:0.000014s ]
INFO: [ app_init ] --END-- [ RunTime:0.000078s ]

