[ 2018-12-11T18:14:46+08:00 ] 127.0.0.1 /
INFO: [ app_init ] --START--
INFO: Run Behavior\BuildLiteBehavior [ RunTime:0.000014s ]
INFO: [ app_init ] --END-- [ RunTime:0.000093s ]
INFO: [ app_begin ] --START--
INFO: Run Behavior\ReadHtmlCacheBehavior [ RunTime:0.001012s ]
INFO: Run Common\Behavior\CheckLangBehavior [ RunTime:0.003946s ]
INFO: [ app_begin ] --END-- [ RunTime:0.005075s ]
SQL: SHOW COLUMNS FROM `ysk_config` [ RunTime:0.0149s ]
SQL: SELECT `value`,`tip`,`options` FROM `ysk_config` WHERE `name` = 'TOGGLE_WEB_SITE' LIMIT 1   [ RunTime:0.0137s ]
SQL: SHOW COLUMNS FROM `ysk_user` [ RunTime:0.0155s ]
SQL: SHOW COLUMNS FROM `ysk_user` [ RunTime:0.0151s ]
NOTIC: [8] Undefined index: m D:\mikey\ThinkPHP\Common\functions.php 第 977 行.

[ 2018-12-11T18:14:46+08:00 ] 127.0.0.1 /Login/login/l/en-us.html
INFO: [ app_init ] --START--
INFO: Run Behavior\BuildLiteBehavior [ RunTime:0.000015s ]
INFO: [ app_init ] --END-- [ RunTime:0.000075s ]
INFO: [ app_begin ] --START--
INFO: Run Behavior\ReadHtmlCacheBehavior [ RunTime:0.000719s ]
INFO: Run Common\Behavior\CheckLangBehavior [ RunTime:0.002463s ]
INFO: [ app_begin ] --END-- [ RunTime:0.003277s ]
SQL: SHOW COLUMNS FROM `ysk_config` [ RunTime:0.0154s ]
SQL: SELECT `value`,`tip`,`options` FROM `ysk_config` WHERE `name` = 'TOGGLE_WEB_SITE' LIMIT 1   [ RunTime:0.0148s ]
INFO: [ view_parse ] --START--
INFO: [ template_filter ] --START--
INFO: Run Behavior\ContentReplaceBehavior [ RunTime:0.000488s ]
INFO: Run Behavior\TokenBuildBehavior [ RunTime:0.002049s ]
INFO: [ template_filter ] --END-- [ RunTime:0.002743s ]
NOTIC: [8] Undefined index: m D:\mikey\ThinkPHP\Common\functions.php 第 977 行.
NOTIC: [8] Undefined index: m D:\mikey\ThinkPHP\Common\functions.php 第 977 行.
NOTIC: [8] Undefined index: m D:\mikey\ThinkPHP\Common\functions.php 第 977 行.
NOTIC: [8] Undefined index: userid D:\mikey\shop\Runtime\Cache\Home\240394b6020b76fe00096cd3600e5be8.php 第 200 行.
INFO: Run Behavior\ParseTemplateBehavior [ RunTime:0.028418s ]
INFO: [ view_parse ] --END-- [ RunTime:0.028500s ]
INFO: [ view_filter ] --START--
INFO: Run Behavior\WriteHtmlCacheBehavior [ RunTime:0.001182s ]
INFO: [ view_filter ] --END-- [ RunTime:0.001239s ]
INFO: [ app_end ] --START--
INFO: Run Behavior\ShowPageTraceBehavior [ RunTime:0.001186s ]
INFO: [ app_end ] --END-- [ RunTime:0.001245s ]

[ 2018-12-11T18:14:46+08:00 ] 127.0.0.1 /favicon.ico
INFO: [ app_init ] --START--
INFO: Run Behavior\BuildLiteBehavior [ RunTime:0.000015s ]
INFO: [ app_init ] --END-- [ RunTime:0.000073s ]

[ 2018-12-11T18:15:19+08:00 ] 127.0.0.1 /Login/checkLogin.html
INFO: [ app_init ] --START--
INFO: Run Behavior\BuildLiteBehavior [ RunTime:0.000014s ]
INFO: [ app_init ] --END-- [ RunTime:0.000073s ]
INFO: [ app_begin ] --START--
INFO: Run Behavior\ReadHtmlCacheBehavior [ RunTime:0.000857s ]
INFO: Run Common\Behavior\CheckLangBehavior [ RunTime:0.002423s ]
INFO: [ app_begin ] --END-- [ RunTime:0.003370s ]
SQL: SHOW COLUMNS FROM `ysk_user` [ RunTime:0.0150s ]
SQL: SELECT * FROM `ysk_user` WHERE ( `mobile` = '8820' OR `account` = '8820' OR `userid` = '8820' OR `email` = '8820' ) LIMIT 1   [ RunTime:0.0160s ]
SQL: UPDATE `ysk_user` SET `session_id`='2tlq7dgp9qs639icrst6p1hb82' WHERE ( userid=8820 ) [ RunTime:0.0156s ]
SQL: SELECT * FROM `ysk_user` WHERE ( `mobile` = '8820' OR `account` = '8820' OR `userid` = '8820' ) LIMIT 1   [ RunTime:0.0152s ]
SQL: UPDATE `ysk_user` SET `session_id`='2tlq7dgp9qs639icrst6p1hb82' WHERE ( `mobile` = '8820' OR `account` = '8820' OR `userid` = '8820' ) [ RunTime:0.0152s ]
NOTIC: [8] Undefined index: m D:\mikey\ThinkPHP\Common\functions.php 第 977 行.

[ 2018-12-11T18:15:20+08:00 ] 127.0.0.1 /Index/index/l/en-us.html
INFO: [ app_init ] --START--
INFO: Run Behavior\BuildLiteBehavior [ RunTime:0.000015s ]
INFO: [ app_init ] --END-- [ RunTime:0.000080s ]
INFO: [ app_begin ] --START--
INFO: Run Behavior\ReadHtmlCacheBehavior [ RunTime:0.001083s ]
INFO: Run Common\Behavior\CheckLangBehavior [ RunTime:0.002748s ]
INFO: [ app_begin ] --END-- [ RunTime:0.003959s ]
SQL: SHOW COLUMNS FROM `ysk_config` [ RunTime:0.0153s ]
SQL: SELECT `value`,`tip`,`options` FROM `ysk_config` WHERE `name` = 'TOGGLE_WEB_SITE' LIMIT 1   [ RunTime:0.0140s ]
SQL: SHOW COLUMNS FROM `ysk_user` [ RunTime:0.0159s ]
SQL: SHOW COLUMNS FROM `ysk_user` [ RunTime:0.0157s ]
SQL: SELECT `status`,`session_id` FROM `ysk_user` WHERE `userid` = 8820 LIMIT 1   [ RunTime:0.0140s ]
SQL: SHOW COLUMNS FROM `ysk_banner` [ RunTime:0.0145s ]
SQL: SELECT * FROM `ysk_banner` ORDER BY sort  [ RunTime:0.0139s ]
SQL: SELECT `img_head`,`userid`,`username`,`user_credit`,`is_reward`,`today_releas`,`quanxian`,`use_grade`,`releas_time`,`is_degraded`,`is_auto` FROM `ysk_user` WHERE `userid` = 8820 LIMIT 1   [ RunTime:0.0144s ]
NOTIC: [2] getimagesize(./Public/home/wap/heads/5c064b81ac9b8.jpg): failed to open stream: No such file or directory D:\mikey\shop\Home\Controller\IndexController.class.php 第 43 行.
SQL: SHOW COLUMNS FROM `ysk_store` [ RunTime:0.0146s ]
SQL: SELECT `cangku_num`,`fengmi_num` FROM `ysk_store` WHERE `uid` = 8820 LIMIT 1   [ RunTime:0.0150s ]
SQL: SHOW COLUMNS FROM `ysk_user_award_execute` [ RunTime:0.0145s ]
SQL: SELECT `id`,`scores`,`get_type`,`is_release`,`is_success`,`origin_id`,`award_id` FROM `ysk_user_award_execute` WHERE `user_id` = 8820 AND `is_success` = 1 AND `create_time` >= '2018-12-10 18:15:20' LIMIT 8   [ RunTime:0.0162s ]
INFO: [ view_parse ] --START--
INFO: [ template_filter ] --START--
INFO: Run Behavior\ContentReplaceBehavior [ RunTime:0.000399s ]
INFO: Run Behavior\TokenBuildBehavior [ RunTime:0.000910s ]
INFO: [ template_filter ] --END-- [ RunTime:0.001406s ]
NOTIC: [8] Undefined index: m D:\mikey\ThinkPHP\Common\functions.php 第 977 行.
NOTIC: [8] Undefined index: m D:\mikey\ThinkPHP\Common\functions.php 第 977 行.
NOTIC: [8] Undefined index: m D:\mikey\ThinkPHP\Common\functions.php 第 977 行.
NOTIC: [8] Undefined index: m D:\mikey\ThinkPHP\Common\functions.php 第 977 行.
NOTIC: [8] Undefined index: m D:\mikey\ThinkPHP\Common\functions.php 第 977 行.
NOTIC: [8] Undefined index: m D:\mikey\ThinkPHP\Common\functions.php 第 977 行.
NOTIC: [8] Undefined index: m D:\mikey\ThinkPHP\Common\functions.php 第 977 行.
NOTIC: [8] Undefined index: m D:\mikey\ThinkPHP\Common\functions.php 第 977 行.
NOTIC: [8] Undefined index: m D:\mikey\ThinkPHP\Common\functions.php 第 977 行.
NOTIC: [8] Undefined index: m D:\mikey\ThinkPHP\Common\functions.php 第 977 行.
NOTIC: [8] Undefined index: m D:\mikey\ThinkPHP\Common\functions.php 第 977 行.
NOTIC: [8] Undefined index: m D:\mikey\ThinkPHP\Common\functions.php 第 977 行.
INFO: Run Behavior\ParseTemplateBehavior [ RunTime:0.026352s ]
INFO: [ view_parse ] --END-- [ RunTime:0.026439s ]
INFO: [ view_filter ] --START--
INFO: Run Behavior\WriteHtmlCacheBehavior [ RunTime:0.000681s ]
INFO: [ view_filter ] --END-- [ RunTime:0.000726s ]
INFO: [ app_end ] --START--
INFO: Run Behavior\ShowPageTraceBehavior [ RunTime:0.001186s ]
INFO: [ app_end ] --END-- [ RunTime:0.001260s ]

[ 2018-12-11T18:15:20+08:00 ] 127.0.0.1 /Index/pdajax
INFO: [ app_init ] --START--
INFO: Run Behavior\BuildLiteBehavior [ RunTime:0.000014s ]
INFO: [ app_init ] --END-- [ RunTime:0.000073s ]
INFO: [ app_begin ] --START--
INFO: Run Behavior\ReadHtmlCacheBehavior [ RunTime:0.000892s ]
INFO: Run Common\Behavior\CheckLangBehavior [ RunTime:0.002523s ]
INFO: [ app_begin ] --END-- [ RunTime:0.003512s ]
SQL: SHOW COLUMNS FROM `ysk_config` [ RunTime:0.0138s ]
SQL: SELECT `value`,`tip`,`options` FROM `ysk_config` WHERE `name` = 'TOGGLE_WEB_SITE' LIMIT 1   [ RunTime:0.0131s ]
SQL: SHOW COLUMNS FROM `ysk_user` [ RunTime:0.0147s ]
SQL: SHOW COLUMNS FROM `ysk_user` [ RunTime:0.0144s ]
SQL: SELECT `status`,`session_id` FROM `ysk_user` WHERE `userid` = 8820 LIMIT 1   [ RunTime:0.0136s ]
SQL: SHOW COLUMNS FROM `ysk_news` [ RunTime:0.0135s ]
SQL: SELECT * FROM `ysk_news` WHERE ( create_time>=1544457600 ) ORDER BY id desc  [ RunTime:0.0131s ]
INFO: [ app_end ] --START--
INFO: Run Behavior\ShowPageTraceBehavior [ RunTime:0.001094s ]
INFO: [ app_end ] --END-- [ RunTime:0.001147s ]

[ 2018-12-11T18:15:31+08:00 ] 127.0.0.1 /Index/Lang
INFO: [ app_init ] --START--
INFO: Run Behavior\BuildLiteBehavior [ RunTime:0.000013s ]
INFO: [ app_init ] --END-- [ RunTime:0.000072s ]
INFO: [ app_begin ] --START--
INFO: Run Behavior\ReadHtmlCacheBehavior [ RunTime:0.000691s ]
INFO: Run Common\Behavior\CheckLangBehavior [ RunTime:0.002442s ]
INFO: [ app_begin ] --END-- [ RunTime:0.003221s ]
SQL: SHOW COLUMNS FROM `ysk_config` [ RunTime:0.0154s ]
SQL: SELECT `value`,`tip`,`options` FROM `ysk_config` WHERE `name` = 'TOGGLE_WEB_SITE' LIMIT 1   [ RunTime:0.0140s ]
SQL: SHOW COLUMNS FROM `ysk_user` [ RunTime:0.0163s ]
SQL: SHOW COLUMNS FROM `ysk_user` [ RunTime:0.0160s ]
SQL: SELECT `status`,`session_id` FROM `ysk_user` WHERE `userid` = 8820 LIMIT 1   [ RunTime:0.0149s ]

[ 2018-12-11T18:15:31+08:00 ] 127.0.0.1 /Index/index/l/en-us.html?l=zh-cn
INFO: [ app_init ] --START--
INFO: Run Behavior\BuildLiteBehavior [ RunTime:0.000014s ]
INFO: [ app_init ] --END-- [ RunTime:0.000077s ]
INFO: [ app_begin ] --START--
INFO: Run Behavior\ReadHtmlCacheBehavior [ RunTime:0.000760s ]
INFO: Run Common\Behavior\CheckLangBehavior [ RunTime:0.005070s ]
INFO: [ app_begin ] --END-- [ RunTime:0.005930s ]
SQL: SHOW COLUMNS FROM `ysk_config` [ RunTime:0.0148s ]
SQL: SELECT `value`,`tip`,`options` FROM `ysk_config` WHERE `name` = 'TOGGLE_WEB_SITE' LIMIT 1   [ RunTime:0.0129s ]
SQL: SHOW COLUMNS FROM `ysk_user` [ RunTime:0.0153s ]
SQL: SHOW COLUMNS FROM `ysk_user` [ RunTime:0.0145s ]
SQL: SELECT `status`,`session_id` FROM `ysk_user` WHERE `userid` = 8820 LIMIT 1   [ RunTime:0.0136s ]
SQL: SHOW COLUMNS FROM `ysk_banner` [ RunTime:0.0142s ]
SQL: SELECT * FROM `ysk_banner` ORDER BY sort  [ RunTime:0.0139s ]
SQL: SELECT `img_head`,`userid`,`username`,`user_credit`,`is_reward`,`today_releas`,`quanxian`,`use_grade`,`releas_time`,`is_degraded`,`is_auto` FROM `ysk_user` WHERE `userid` = 8820 LIMIT 1   [ RunTime:0.0142s ]
NOTIC: [2] getimagesize(./Public/home/wap/heads/5c064b81ac9b8.jpg): failed to open stream: No such file or directory D:\mikey\shop\Home\Controller\IndexController.class.php 第 43 行.
SQL: SHOW COLUMNS FROM `ysk_store` [ RunTime:0.0143s ]
SQL: SELECT `cangku_num`,`fengmi_num` FROM `ysk_store` WHERE `uid` = 8820 LIMIT 1   [ RunTime:0.0143s ]
SQL: SHOW COLUMNS FROM `ysk_user_award_execute` [ RunTime:0.0152s ]
SQL: SELECT `id`,`scores`,`get_type`,`is_release`,`is_success`,`origin_id`,`award_id` FROM `ysk_user_award_execute` WHERE `user_id` = 8820 AND `is_success` = 1 AND `create_time` >= '2018-12-10 18:15:31' LIMIT 8   [ RunTime:0.0174s ]
INFO: [ view_parse ] --START--
INFO: [ template_filter ] --START--
INFO: Run Behavior\ContentReplaceBehavior [ RunTime:0.000436s ]
INFO: Run Behavior\TokenBuildBehavior [ RunTime:0.000745s ]
INFO: [ template_filter ] --END-- [ RunTime:0.001280s ]
NOTIC: [8] Undefined index: m D:\mikey\ThinkPHP\Common\functions.php 第 977 行.
NOTIC: [8] Undefined index: m D:\mikey\ThinkPHP\Common\functions.php 第 977 行.
NOTIC: [8] Undefined index: m D:\mikey\ThinkPHP\Common\functions.php 第 977 行.
NOTIC: [8] Undefined index: m D:\mikey\ThinkPHP\Common\functions.php 第 977 行.
NOTIC: [8] Undefined index: m D:\mikey\ThinkPHP\Common\functions.php 第 977 行.
NOTIC: [8] Undefined index: m D:\mikey\ThinkPHP\Common\functions.php 第 977 行.
NOTIC: [8] Undefined index: m D:\mikey\ThinkPHP\Common\functions.php 第 977 行.
NOTIC: [8] Undefined index: m D:\mikey\ThinkPHP\Common\functions.php 第 977 行.
NOTIC: [8] Undefined index: m D:\mikey\ThinkPHP\Common\functions.php 第 977 行.
NOTIC: [8] Undefined index: m D:\mikey\ThinkPHP\Common\functions.php 第 977 行.
NOTIC: [8] Undefined index: m D:\mikey\ThinkPHP\Common\functions.php 第 977 行.
NOTIC: [8] Undefined index: m D:\mikey\ThinkPHP\Common\functions.php 第 977 行.
INFO: Run Behavior\ParseTemplateBehavior [ RunTime:0.029795s ]
INFO: [ view_parse ] --END-- [ RunTime:0.029875s ]
INFO: [ view_filter ] --START--
INFO: Run Behavior\WriteHtmlCacheBehavior [ RunTime:0.000578s ]
INFO: [ view_filter ] --END-- [ RunTime:0.000630s ]
INFO: [ app_end ] --START--
INFO: Run Behavior\ShowPageTraceBehavior [ RunTime:0.000930s ]
INFO: [ app_end ] --END-- [ RunTime:0.001000s ]

[ 2018-12-11T18:15:32+08:00 ] 127.0.0.1 /Index/pdajax
INFO: [ app_init ] --START--
INFO: Run Behavior\BuildLiteBehavior [ RunTime:0.000015s ]
INFO: [ app_init ] --END-- [ RunTime:0.000074s ]
INFO: [ app_begin ] --START--
INFO: Run Behavior\ReadHtmlCacheBehavior [ RunTime:0.000752s ]
INFO: Run Common\Behavior\CheckLangBehavior [ RunTime:0.003012s ]
INFO: [ app_begin ] --END-- [ RunTime:0.003873s ]
SQL: SHOW COLUMNS FROM `ysk_config` [ RunTime:0.0152s ]
SQL: SELECT `value`,`tip`,`options` FROM `ysk_config` WHERE `name` = 'TOGGLE_WEB_SITE' LIMIT 1   [ RunTime:0.0143s ]
SQL: SHOW COLUMNS FROM `ysk_user` [ RunTime:0.0163s ]
SQL: SHOW COLUMNS FROM `ysk_user` [ RunTime:0.0161s ]
SQL: SELECT `status`,`session_id` FROM `ysk_user` WHERE `userid` = 8820 LIMIT 1   [ RunTime:0.0144s ]
SQL: SHOW COLUMNS FROM `ysk_news` [ RunTime:0.0152s ]
SQL: SELECT * FROM `ysk_news` WHERE ( create_time>=1544457600 ) ORDER BY id desc  [ RunTime:0.0148s ]
INFO: [ app_end ] --START--
INFO: Run Behavior\ShowPageTraceBehavior [ RunTime:0.001332s ]
INFO: [ app_end ] --END-- [ RunTime:0.001440s ]

[ 2018-12-11T18:15:36+08:00 ] 127.0.0.1 /Index/index.html
INFO: [ app_init ] --START--
INFO: Run Behavior\BuildLiteBehavior [ RunTime:0.000015s ]
INFO: [ app_init ] --END-- [ RunTime:0.000075s ]
INFO: [ app_begin ] --START--
INFO: Run Behavior\ReadHtmlCacheBehavior [ RunTime:0.000702s ]
INFO: Run Common\Behavior\CheckLangBehavior [ RunTime:0.002923s ]
INFO: [ app_begin ] --END-- [ RunTime:0.003724s ]
SQL: SHOW COLUMNS FROM `ysk_config` [ RunTime:0.0151s ]
SQL: SELECT `value`,`tip`,`options` FROM `ysk_config` WHERE `name` = 'TOGGLE_WEB_SITE' LIMIT 1   [ RunTime:0.0145s ]
SQL: SHOW COLUMNS FROM `ysk_user` [ RunTime:0.0161s ]
SQL: SHOW COLUMNS FROM `ysk_user` [ RunTime:0.0160s ]
SQL: SELECT `status`,`session_id` FROM `ysk_user` WHERE `userid` = 8820 LIMIT 1   [ RunTime:0.0153s ]
SQL: SHOW COLUMNS FROM `ysk_banner` [ RunTime:0.0153s ]
SQL: SELECT * FROM `ysk_banner` ORDER BY sort  [ RunTime:0.0150s ]
SQL: SELECT `img_head`,`userid`,`username`,`user_credit`,`is_reward`,`today_releas`,`quanxian`,`use_grade`,`releas_time`,`is_degraded`,`is_auto` FROM `ysk_user` WHERE `userid` = 8820 LIMIT 1   [ RunTime:0.0149s ]
NOTIC: [2] getimagesize(./Public/home/wap/heads/5c064b81ac9b8.jpg): failed to open stream: No such file or directory D:\mikey\shop\Home\Controller\IndexController.class.php 第 43 行.
SQL: SHOW COLUMNS FROM `ysk_store` [ RunTime:0.0152s ]
SQL: SELECT `cangku_num`,`fengmi_num` FROM `ysk_store` WHERE `uid` = 8820 LIMIT 1   [ RunTime:0.0146s ]
SQL: SHOW COLUMNS FROM `ysk_user_award_execute` [ RunTime:0.0153s ]
SQL: SELECT `id`,`scores`,`get_type`,`is_release`,`is_success`,`origin_id`,`award_id` FROM `ysk_user_award_execute` WHERE `user_id` = 8820 AND `is_success` = 1 AND `create_time` >= '2018-12-10 18:15:36' LIMIT 8   [ RunTime:0.0171s ]
INFO: [ view_parse ] --START--
INFO: [ template_filter ] --START--
INFO: Run Behavior\ContentReplaceBehavior [ RunTime:0.000628s ]
INFO: Run Behavior\TokenBuildBehavior [ RunTime:0.001247s ]
INFO: [ template_filter ] --END-- [ RunTime:0.002050s ]
NOTIC: [8] Undefined index: m D:\mikey\ThinkPHP\Common\functions.php 第 977 行.
NOTIC: [8] Undefined index: m D:\mikey\ThinkPHP\Common\functions.php 第 977 行.
NOTIC: [8] Undefined index: m D:\mikey\ThinkPHP\Common\functions.php 第 977 行.
NOTIC: [8] Undefined index: m D:\mikey\ThinkPHP\Common\functions.php 第 977 行.
NOTIC: [8] Undefined index: m D:\mikey\ThinkPHP\Common\functions.php 第 977 行.
NOTIC: [8] Undefined index: m D:\mikey\ThinkPHP\Common\functions.php 第 977 行.
NOTIC: [8] Undefined index: m D:\mikey\ThinkPHP\Common\functions.php 第 977 行.
NOTIC: [8] Undefined index: m D:\mikey\ThinkPHP\Common\functions.php 第 977 行.
NOTIC: [8] Undefined index: m D:\mikey\ThinkPHP\Common\functions.php 第 977 行.
NOTIC: [8] Undefined index: m D:\mikey\ThinkPHP\Common\functions.php 第 977 行.
NOTIC: [8] Undefined index: m D:\mikey\ThinkPHP\Common\functions.php 第 977 行.
NOTIC: [8] Undefined index: m D:\mikey\ThinkPHP\Common\functions.php 第 977 行.
INFO: Run Behavior\ParseTemplateBehavior [ RunTime:0.033072s ]
INFO: [ view_parse ] --END-- [ RunTime:0.033162s ]
INFO: [ view_filter ] --START--
INFO: Run Behavior\WriteHtmlCacheBehavior [ RunTime:0.000832s ]
INFO: [ view_filter ] --END-- [ RunTime:0.000895s ]
INFO: [ app_end ] --START--
INFO: Run Behavior\ShowPageTraceBehavior [ RunTime:0.001497s ]
INFO: [ app_end ] --END-- [ RunTime:0.001589s ]

[ 2018-12-11T18:15:36+08:00 ] 127.0.0.1 /Index/pdajax
INFO: [ app_init ] --START--
INFO: Run Behavior\BuildLiteBehavior [ RunTime:0.000016s ]
INFO: [ app_init ] --END-- [ RunTime:0.000077s ]
INFO: [ app_begin ] --START--
INFO: Run Behavior\ReadHtmlCacheBehavior [ RunTime:0.000963s ]
INFO: Run Common\Behavior\CheckLangBehavior [ RunTime:0.004160s ]
INFO: [ app_begin ] --END-- [ RunTime:0.005267s ]
SQL: SHOW COLUMNS FROM `ysk_config` [ RunTime:0.0151s ]
SQL: SELECT `value`,`tip`,`options` FROM `ysk_config` WHERE `name` = 'TOGGLE_WEB_SITE' LIMIT 1   [ RunTime:0.0141s ]
SQL: SHOW COLUMNS FROM `ysk_user` [ RunTime:0.0155s ]
SQL: SHOW COLUMNS FROM `ysk_user` [ RunTime:0.0154s ]
SQL: SELECT `status`,`session_id` FROM `ysk_user` WHERE `userid` = 8820 LIMIT 1   [ RunTime:0.0139s ]
SQL: SHOW COLUMNS FROM `ysk_news` [ RunTime:0.0153s ]
SQL: SELECT * FROM `ysk_news` WHERE ( create_time>=1544457600 ) ORDER BY id desc  [ RunTime:0.0147s ]
INFO: [ app_end ] --START--
INFO: Run Behavior\ShowPageTraceBehavior [ RunTime:0.000932s ]
INFO: [ app_end ] --END-- [ RunTime:0.000984s ]

[ 2018-12-11T18:16:05+08:00 ] 127.0.0.1 /Index/Bancerecord.html
INFO: [ app_init ] --START--
INFO: Run Behavior\BuildLiteBehavior [ RunTime:0.000014s ]
INFO: [ app_init ] --END-- [ RunTime:0.000098s ]
INFO: [ app_begin ] --START--
INFO: Run Behavior\ReadHtmlCacheBehavior [ RunTime:0.000653s ]
INFO: Run Common\Behavior\CheckLangBehavior [ RunTime:0.002810s ]
INFO: [ app_begin ] --END-- [ RunTime:0.003564s ]
SQL: SHOW COLUMNS FROM `ysk_config` [ RunTime:0.0137s ]
SQL: SELECT `value`,`tip`,`options` FROM `ysk_config` WHERE `name` = 'TOGGLE_WEB_SITE' LIMIT 1   [ RunTime:0.0129s ]
SQL: SHOW COLUMNS FROM `ysk_user` [ RunTime:0.0145s ]
SQL: SHOW COLUMNS FROM `ysk_user` [ RunTime:0.0133s ]
SQL: SELECT `status`,`session_id` FROM `ysk_user` WHERE `userid` = 8820 LIMIT 1   [ RunTime:0.0128s ]
SQL: SHOW COLUMNS FROM `ysk_usermoney_record` [ RunTime:0.0133s ]
SQL: SELECT `master_id`,`deputy_id`,`get_nums`,`get_type`,`now_nums`,`get_time` FROM `ysk_usermoney_record` WHERE `master_id` = 8820 ORDER BY id desc  [ RunTime:0.0318s ]
NOTIC: [8] Undefined offset: 90 D:\mikey\shop\Home\Controller\IndexController.class.php 第 602 行.
NOTIC: [8] Undefined offset: 33 D:\mikey\shop\Home\Controller\IndexController.class.php 第 602 行.
SQL: SELECT COUNT(*) AS tp_count FROM `ysk_usermoney_record` WHERE `master_id` = 8820 LIMIT 1   [ RunTime:0.0155s ]
NOTIC: [8] Undefined index: m D:\mikey\ThinkPHP\Common\functions.php 第 977 行.
INFO: [ view_parse ] --START--
INFO: [ template_filter ] --START--
INFO: Run Behavior\ContentReplaceBehavior [ RunTime:0.000200s ]
INFO: Run Behavior\TokenBuildBehavior [ RunTime:0.000539s ]
INFO: [ template_filter ] --END-- [ RunTime:0.000829s ]
NOTIC: [8] Undefined index: m D:\mikey\ThinkPHP\Common\functions.php 第 977 行.
INFO: [ view_parse ] --START--
INFO: [ template_filter ] --START--
INFO: Run Behavior\ContentReplaceBehavior [ RunTime:0.000237s ]
INFO: Run Behavior\TokenBuildBehavior [ RunTime:0.000028s ]
INFO: [ template_filter ] --END-- [ RunTime:-0.009951s ]
INFO: Run Behavior\ParseTemplateBehavior [ RunTime:0.007029s ]
INFO: [ view_parse ] --END-- [ RunTime:0.007091s ]
INFO: [ view_filter ] --START--
INFO: Run Behavior\WriteHtmlCacheBehavior [ RunTime:0.000437s ]
INFO: [ view_filter ] --END-- [ RunTime:0.000488s ]
INFO: Run Behavior\ParseTemplateBehavior [ RunTime:0.007657s ]
INFO: [ view_parse ] --END-- [ RunTime:0.007091s ]
INFO: [ view_filter ] --START--
INFO: Run Behavior\WriteHtmlCacheBehavior [ RunTime:0.000010s ]
INFO: [ view_filter ] --END-- [ RunTime:-0.000123s ]
INFO: [ app_end ] --START--
INFO: Run Behavior\ShowPageTraceBehavior [ RunTime:0.000737s ]
INFO: [ app_end ] --END-- [ RunTime:0.000806s ]

[ 2018-12-11T18:16:06+08:00 ] 127.0.0.1 /Index/ajaxinfo
INFO: [ app_init ] --START--
INFO: Run Behavior\BuildLiteBehavior [ RunTime:0.000025s ]
INFO: [ app_init ] --END-- [ RunTime:0.000130s ]
INFO: [ app_begin ] --START--
INFO: Run Behavior\ReadHtmlCacheBehavior [ RunTime:0.000544s ]
INFO: Run Common\Behavior\CheckLangBehavior [ RunTime:0.002322s ]
INFO: [ app_begin ] --END-- [ RunTime:0.002965s ]
SQL: SHOW COLUMNS FROM `ysk_config` [ RunTime:0.0170s ]
SQL: SELECT `value`,`tip`,`options` FROM `ysk_config` WHERE `name` = 'TOGGLE_WEB_SITE' LIMIT 1   [ RunTime:0.0190s ]
SQL: SHOW COLUMNS FROM `ysk_user` [ RunTime:0.0165s ]
SQL: SHOW COLUMNS FROM `ysk_user` [ RunTime:0.0160s ]
SQL: SELECT `status`,`session_id` FROM `ysk_user` WHERE `userid` = 8820 LIMIT 1   [ RunTime:0.0157s ]
SQL: SHOW COLUMNS FROM `ysk_usermoney_record` [ RunTime:0.0152s ]
SQL: SELECT * FROM `ysk_usermoney_record` WHERE `master_id` = 8820 AND `get_type` IN ('1','2','3','4','11','12','21','22','23','24','31','32','41','51','52','53') ORDER BY id desc LIMIT 10   [ RunTime:0.0171s ]

[ 2018-12-11T18:16:07+08:00 ] 127.0.0.1 /Index/index.html
INFO: [ app_init ] --START--
INFO: Run Behavior\BuildLiteBehavior [ RunTime:0.000014s ]
INFO: [ app_init ] --END-- [ RunTime:0.000075s ]
INFO: [ app_begin ] --START--
INFO: Run Behavior\ReadHtmlCacheBehavior [ RunTime:0.000525s ]
INFO: Run Common\Behavior\CheckLangBehavior [ RunTime:0.002237s ]
INFO: [ app_begin ] --END-- [ RunTime:0.002857s ]
SQL: SHOW COLUMNS FROM `ysk_config` [ RunTime:0.0155s ]
SQL: SELECT `value`,`tip`,`options` FROM `ysk_config` WHERE `name` = 'TOGGLE_WEB_SITE' LIMIT 1   [ RunTime:0.0150s ]
SQL: SHOW COLUMNS FROM `ysk_user` [ RunTime:0.0167s ]
SQL: SHOW COLUMNS FROM `ysk_user` [ RunTime:0.0164s ]
SQL: SELECT `status`,`session_id` FROM `ysk_user` WHERE `userid` = 8820 LIMIT 1   [ RunTime:0.0149s ]
SQL: SHOW COLUMNS FROM `ysk_banner` [ RunTime:0.0154s ]
SQL: SELECT * FROM `ysk_banner` ORDER BY sort  [ RunTime:0.0147s ]
SQL: SELECT `img_head`,`userid`,`username`,`user_credit`,`is_reward`,`today_releas`,`quanxian`,`use_grade`,`releas_time`,`is_degraded`,`is_auto` FROM `ysk_user` WHERE `userid` = 8820 LIMIT 1   [ RunTime:0.0152s ]
NOTIC: [2] getimagesize(./Public/home/wap/heads/5c064b81ac9b8.jpg): failed to open stream: No such file or directory D:\mikey\shop\Home\Controller\IndexController.class.php 第 43 行.
SQL: SHOW COLUMNS FROM `ysk_store` [ RunTime:0.0159s ]
SQL: SELECT `cangku_num`,`fengmi_num` FROM `ysk_store` WHERE `uid` = 8820 LIMIT 1   [ RunTime:0.0155s ]
SQL: SHOW COLUMNS FROM `ysk_user_award_execute` [ RunTime:0.0157s ]
SQL: SELECT `id`,`scores`,`get_type`,`is_release`,`is_success`,`origin_id`,`award_id` FROM `ysk_user_award_execute` WHERE `user_id` = 8820 AND `is_success` = 1 AND `create_time` >= '2018-12-10 18:16:07' LIMIT 8   [ RunTime:0.0175s ]
INFO: [ view_parse ] --START--
INFO: [ template_filter ] --START--
INFO: Run Behavior\ContentReplaceBehavior [ RunTime:0.000736s ]
INFO: Run Behavior\TokenBuildBehavior [ RunTime:0.000845s ]
INFO: [ template_filter ] --END-- [ RunTime:0.001728s ]
NOTIC: [8] Undefined index: m D:\mikey\ThinkPHP\Common\functions.php 第 977 行.
NOTIC: [8] Undefined index: m D:\mikey\ThinkPHP\Common\functions.php 第 977 行.
NOTIC: [8] Undefined index: m D:\mikey\ThinkPHP\Common\functions.php 第 977 行.
NOTIC: [8] Undefined index: m D:\mikey\ThinkPHP\Common\functions.php 第 977 行.
NOTIC: [8] Undefined index: m D:\mikey\ThinkPHP\Common\functions.php 第 977 行.
NOTIC: [8] Undefined index: m D:\mikey\ThinkPHP\Common\functions.php 第 977 行.
NOTIC: [8] Undefined index: m D:\mikey\ThinkPHP\Common\functions.php 第 977 行.
NOTIC: [8] Undefined index: m D:\mikey\ThinkPHP\Common\functions.php 第 977 行.
NOTIC: [8] Undefined index: m D:\mikey\ThinkPHP\Common\functions.php 第 977 行.
NOTIC: [8] Undefined index: m D:\mikey\ThinkPHP\Common\functions.php 第 977 行.
NOTIC: [8] Undefined index: m D:\mikey\ThinkPHP\Common\functions.php 第 977 行.
NOTIC: [8] Undefined index: m D:\mikey\ThinkPHP\Common\functions.php 第 977 行.
INFO: Run Behavior\ParseTemplateBehavior [ RunTime:0.030206s ]
INFO: [ view_parse ] --END-- [ RunTime:0.030301s ]
INFO: [ view_filter ] --START--
INFO: Run Behavior\WriteHtmlCacheBehavior [ RunTime:0.000515s ]
INFO: [ view_filter ] --END-- [ RunTime:0.000559s ]
INFO: [ app_end ] --START--
INFO: Run Behavior\ShowPageTraceBehavior [ RunTime:0.000903s ]
INFO: [ app_end ] --END-- [ RunTime:0.000989s ]

[ 2018-12-11T18:16:07+08:00 ] 127.0.0.1 /Index/pdajax
INFO: [ app_init ] --START--
INFO: Run Behavior\BuildLiteBehavior [ RunTime:0.000014s ]
INFO: [ app_init ] --END-- [ RunTime:0.000074s ]
INFO: [ app_begin ] --START--
INFO: Run Behavior\ReadHtmlCacheBehavior [ RunTime:0.000589s ]
INFO: Run Common\Behavior\CheckLangBehavior [ RunTime:0.002831s ]
INFO: [ app_begin ] --END-- [ RunTime:0.003552s ]
SQL: SHOW COLUMNS FROM `ysk_config` [ RunTime:0.0154s ]
SQL: SELECT `value`,`tip`,`options` FROM `ysk_config` WHERE `name` = 'TOGGLE_WEB_SITE' LIMIT 1   [ RunTime:0.0149s ]
SQL: SHOW COLUMNS FROM `ysk_user` [ RunTime:0.0156s ]
SQL: SHOW COLUMNS FROM `ysk_user` [ RunTime:0.0161s ]
SQL: SELECT `status`,`session_id` FROM `ysk_user` WHERE `userid` = 8820 LIMIT 1   [ RunTime:0.0147s ]
SQL: SHOW COLUMNS FROM `ysk_news` [ RunTime:0.0158s ]
SQL: SELECT * FROM `ysk_news` WHERE ( create_time>=1544457600 ) ORDER BY id desc  [ RunTime:0.0155s ]
INFO: [ app_end ] --START--
INFO: Run Behavior\ShowPageTraceBehavior [ RunTime:0.000722s ]
INFO: [ app_end ] --END-- [ RunTime:0.000775s ]

[ 2018-12-11T18:19:53+08:00 ] 127.0.0.1 /Index/index.html
INFO: [ app_init ] --START--
INFO: Run Behavior\BuildLiteBehavior [ RunTime:0.000014s ]
INFO: [ app_init ] --END-- [ RunTime:0.000078s ]
INFO: [ app_begin ] --START--
INFO: Run Behavior\ReadHtmlCacheBehavior [ RunTime:0.000635s ]
INFO: Run Common\Behavior\CheckLangBehavior [ RunTime:0.002802s ]
INFO: [ app_begin ] --END-- [ RunTime:0.003544s ]
SQL: SHOW COLUMNS FROM `ysk_config` [ RunTime:0.0147s ]
SQL: SELECT `value`,`tip`,`options` FROM `ysk_config` WHERE `name` = 'TOGGLE_WEB_SITE' LIMIT 1   [ RunTime:0.0169s ]
SQL: SHOW COLUMNS FROM `ysk_user` [ RunTime:0.0159s ]
SQL: SHOW COLUMNS FROM `ysk_user` [ RunTime:0.0149s ]
SQL: SELECT `status`,`session_id` FROM `ysk_user` WHERE `userid` = 8820 LIMIT 1   [ RunTime:0.0146s ]
SQL: SHOW COLUMNS FROM `ysk_banner` [ RunTime:0.0144s ]
SQL: SELECT * FROM `ysk_banner` ORDER BY sort  [ RunTime:0.0147s ]
SQL: SELECT `img_head`,`userid`,`username`,`user_credit`,`is_reward`,`today_releas`,`quanxian`,`use_grade`,`releas_time`,`is_degraded`,`is_auto` FROM `ysk_user` WHERE `userid` = 8820 LIMIT 1   [ RunTime:0.0142s ]
NOTIC: [2] getimagesize(./Public/home/wap/heads/5c064b81ac9b8.jpg): failed to open stream: No such file or directory D:\mikey\shop\Home\Controller\IndexController.class.php 第 43 行.
SQL: SHOW COLUMNS FROM `ysk_store` [ RunTime:0.0148s ]
SQL: SELECT `cangku_num`,`fengmi_num` FROM `ysk_store` WHERE `uid` = 8820 LIMIT 1   [ RunTime:0.0137s ]
SQL: SHOW COLUMNS FROM `ysk_user_award_execute` [ RunTime:0.0143s ]
SQL: SELECT `id`,`scores`,`get_type`,`is_release`,`is_success`,`origin_id`,`award_id` FROM `ysk_user_award_execute` WHERE `user_id` = 8820 AND `is_success` = 1 AND `create_time` >= '2018-12-10 18:19:53' LIMIT 8   [ RunTime:0.0164s ]
INFO: [ app_end ] --START--
INFO: Run Behavior\ShowPageTraceBehavior [ RunTime:0.000868s ]
INFO: [ app_end ] --END-- [ RunTime:0.000921s ]

[ 2018-12-11T18:20:12+08:00 ] 127.0.0.1 /Index/index.html
INFO: [ app_init ] --START--
INFO: Run Behavior\BuildLiteBehavior [ RunTime:0.000014s ]
INFO: [ app_init ] --END-- [ RunTime:0.000074s ]
INFO: [ app_begin ] --START--
INFO: Run Behavior\ReadHtmlCacheBehavior [ RunTime:0.000538s ]
INFO: Run Common\Behavior\CheckLangBehavior [ RunTime:0.002257s ]
INFO: [ app_begin ] --END-- [ RunTime:0.002892s ]
SQL: SHOW COLUMNS FROM `ysk_config` [ RunTime:0.0159s ]
SQL: SELECT `value`,`tip`,`options` FROM `ysk_config` WHERE `name` = 'TOGGLE_WEB_SITE' LIMIT 1   [ RunTime:0.0158s ]
SQL: SHOW COLUMNS FROM `ysk_user` [ RunTime:0.0171s ]
SQL: SHOW COLUMNS FROM `ysk_user` [ RunTime:0.0162s ]
SQL: SELECT `status`,`session_id` FROM `ysk_user` WHERE `userid` = 8820 LIMIT 1   [ RunTime:0.0150s ]
SQL: SHOW COLUMNS FROM `ysk_banner` [ RunTime:0.0157s ]
SQL: SELECT * FROM `ysk_banner` ORDER BY sort  [ RunTime:0.0153s ]
SQL: SELECT `img_head`,`userid`,`username`,`user_credit`,`is_reward`,`today_releas`,`quanxian`,`use_grade`,`releas_time`,`is_degraded`,`is_auto` FROM `ysk_user` WHERE `userid` = 8820 LIMIT 1   [ RunTime:0.0153s ]
NOTIC: [2] getimagesize(./Public/home/wap/heads/5c064b81ac9b8.jpg): failed to open stream: No such file or directory D:\mikey\shop\Home\Controller\IndexController.class.php 第 43 行.
SQL: SHOW COLUMNS FROM `ysk_store` [ RunTime:0.0164s ]
SQL: SELECT `cangku_num`,`fengmi_num` FROM `ysk_store` WHERE `uid` = 8820 LIMIT 1   [ RunTime:0.0152s ]
SQL: SHOW COLUMNS FROM `ysk_user_award_execute` [ RunTime:0.0156s ]
SQL: SELECT `id`,`scores`,`get_type`,`is_release`,`is_success`,`origin_id`,`award_id` FROM `ysk_user_award_execute` WHERE `user_id` = 8820 AND `is_success` = 1 AND `create_time` >= '2018-12-10 18:20:12' LIMIT 8   [ RunTime:0.0180s ]
INFO: [ view_parse ] --START--
INFO: [ template_filter ] --START--
INFO: Run Behavior\ContentReplaceBehavior [ RunTime:0.000722s ]
INFO: Run Behavior\TokenBuildBehavior [ RunTime:0.001004s ]
INFO: [ template_filter ] --END-- [ RunTime:0.001854s ]
NOTIC: [8] Undefined index: m D:\mikey\ThinkPHP\Common\functions.php 第 977 行.
NOTIC: [8] Undefined index: m D:\mikey\ThinkPHP\Common\functions.php 第 977 行.
NOTIC: [8] Undefined index: m D:\mikey\ThinkPHP\Common\functions.php 第 977 行.
NOTIC: [8] Undefined index: m D:\mikey\ThinkPHP\Common\functions.php 第 977 行.
NOTIC: [8] Undefined index: m D:\mikey\ThinkPHP\Common\functions.php 第 977 行.
NOTIC: [8] Undefined index: m D:\mikey\ThinkPHP\Common\functions.php 第 977 行.
NOTIC: [8] Undefined index: m D:\mikey\ThinkPHP\Common\functions.php 第 977 行.
NOTIC: [8] Undefined index: m D:\mikey\ThinkPHP\Common\functions.php 第 977 行.
NOTIC: [8] Undefined index: m D:\mikey\ThinkPHP\Common\functions.php 第 977 行.
NOTIC: [8] Undefined index: m D:\mikey\ThinkPHP\Common\functions.php 第 977 行.
NOTIC: [8] Undefined index: m D:\mikey\ThinkPHP\Common\functions.php 第 977 行.
NOTIC: [8] Undefined index: m D:\mikey\ThinkPHP\Common\functions.php 第 977 行.
INFO: Run Behavior\ParseTemplateBehavior [ RunTime:0.026640s ]
INFO: [ view_parse ] --END-- [ RunTime:0.026694s ]
INFO: [ view_filter ] --START--
INFO: Run Behavior\WriteHtmlCacheBehavior [ RunTime:0.000418s ]
INFO: [ view_filter ] --END-- [ RunTime:0.000462s ]
INFO: [ app_end ] --START--
INFO: Run Behavior\ShowPageTraceBehavior [ RunTime:0.000597s ]
INFO: [ app_end ] --END-- [ RunTime:0.000658s ]

[ 2018-12-11T18:20:12+08:00 ] 127.0.0.1 /Index/pdajax
INFO: [ app_init ] --START--
INFO: Run Behavior\BuildLiteBehavior [ RunTime:0.000013s ]
INFO: [ app_init ] --END-- [ RunTime:0.000074s ]
INFO: [ app_begin ] --START--
INFO: Run Behavior\ReadHtmlCacheBehavior [ RunTime:0.000523s ]
INFO: Run Common\Behavior\CheckLangBehavior [ RunTime:0.003532s ]
INFO: [ app_begin ] --END-- [ RunTime:0.004201s ]
SQL: SHOW COLUMNS FROM `ysk_config` [ RunTime:0.0143s ]
SQL: SELECT `value`,`tip`,`options` FROM `ysk_config` WHERE `name` = 'TOGGLE_WEB_SITE' LIMIT 1   [ RunTime:0.0141s ]
SQL: SHOW COLUMNS FROM `ysk_user` [ RunTime:0.0156s ]
SQL: SHOW COLUMNS FROM `ysk_user` [ RunTime:0.0153s ]
SQL: SELECT `status`,`session_id` FROM `ysk_user` WHERE `userid` = 8820 LIMIT 1   [ RunTime:0.0138s ]
SQL: SHOW COLUMNS FROM `ysk_news` [ RunTime:0.0144s ]
SQL: SELECT * FROM `ysk_news` WHERE ( create_time>=1544457600 ) ORDER BY id desc  [ RunTime:0.0139s ]
INFO: [ app_end ] --START--
INFO: Run Behavior\ShowPageTraceBehavior [ RunTime:0.001235s ]
INFO: [ app_end ] --END-- [ RunTime:0.001353s ]

[ 2018-12-11T18:21:46+08:00 ] 127.0.0.1 /Index/index.html
INFO: [ app_init ] --START--
INFO: Run Behavior\BuildLiteBehavior [ RunTime:0.000014s ]
INFO: [ app_init ] --END-- [ RunTime:0.000080s ]
INFO: [ app_begin ] --START--
INFO: Run Behavior\ReadHtmlCacheBehavior [ RunTime:0.000521s ]
INFO: Run Common\Behavior\CheckLangBehavior [ RunTime:0.002381s ]
INFO: [ app_begin ] --END-- [ RunTime:0.003009s ]
SQL: SHOW COLUMNS FROM `ysk_config` [ RunTime:0.0155s ]
SQL: SELECT `value`,`tip`,`options` FROM `ysk_config` WHERE `name` = 'TOGGLE_WEB_SITE' LIMIT 1   [ RunTime:0.0147s ]
SQL: SHOW COLUMNS FROM `ysk_user` [ RunTime:0.0155s ]
SQL: SHOW COLUMNS FROM `ysk_user` [ RunTime:0.0157s ]
SQL: SELECT `status`,`session_id` FROM `ysk_user` WHERE `userid` = 8820 LIMIT 1   [ RunTime:0.0145s ]
SQL: SHOW COLUMNS FROM `ysk_banner` [ RunTime:0.0150s ]
SQL: SELECT * FROM `ysk_banner` ORDER BY sort  [ RunTime:0.0137s ]
SQL: SELECT `img_head`,`userid`,`username`,`user_credit`,`is_reward`,`today_releas`,`quanxian`,`use_grade`,`releas_time`,`is_degraded`,`is_auto` FROM `ysk_user` WHERE `userid` = 8820 LIMIT 1   [ RunTime:0.0146s ]
NOTIC: [2] getimagesize(./Public/home/wap/heads/5c064b81ac9b8.jpg): failed to open stream: No such file or directory D:\mikey\shop\Home\Controller\IndexController.class.php 第 43 行.
SQL: SHOW COLUMNS FROM `ysk_store` [ RunTime:0.0152s ]
SQL: SELECT `cangku_num`,`fengmi_num` FROM `ysk_store` WHERE `uid` = 8820 LIMIT 1   [ RunTime:0.0146s ]

[ 2018-12-11T18:22:01+08:00 ] 127.0.0.1 /Index/index.html
INFO: [ app_init ] --START--
INFO: Run Behavior\BuildLiteBehavior [ RunTime:0.000014s ]
INFO: [ app_init ] --END-- [ RunTime:0.000074s ]
INFO: [ app_begin ] --START--
INFO: Run Behavior\ReadHtmlCacheBehavior [ RunTime:0.000607s ]
INFO: Run Common\Behavior\CheckLangBehavior [ RunTime:0.002739s ]
INFO: [ app_begin ] --END-- [ RunTime:0.003444s ]
SQL: SHOW COLUMNS FROM `ysk_config` [ RunTime:0.0140s ]
SQL: SELECT `value`,`tip`,`options` FROM `ysk_config` WHERE `name` = 'TOGGLE_WEB_SITE' LIMIT 1   [ RunTime:0.0133s ]
SQL: SHOW COLUMNS FROM `ysk_user` [ RunTime:0.0150s ]
SQL: SHOW COLUMNS FROM `ysk_user` [ RunTime:0.0148s ]
SQL: SELECT `status`,`session_id` FROM `ysk_user` WHERE `userid` = 8820 LIMIT 1   [ RunTime:0.0130s ]
SQL: SHOW COLUMNS FROM `ysk_banner` [ RunTime:0.0140s ]
SQL: SELECT * FROM `ysk_banner` ORDER BY sort  [ RunTime:0.0128s ]
SQL: SELECT `img_head`,`userid`,`username`,`user_credit`,`is_reward`,`today_releas`,`quanxian`,`use_grade`,`releas_time`,`is_degraded`,`is_auto` FROM `ysk_user` WHERE `userid` = 8820 LIMIT 1   [ RunTime:0.0150s ]
NOTIC: [2] getimagesize(./Public/home/wap/heads/5c064b81ac9b8.jpg): failed to open stream: No such file or directory D:\mikey\shop\Home\Controller\IndexController.class.php 第 43 行.
SQL: SHOW COLUMNS FROM `ysk_store` [ RunTime:0.0138s ]
SQL: SELECT `cangku_num`,`fengmi_num` FROM `ysk_store` WHERE `uid` = 8820 LIMIT 1   [ RunTime:0.0129s ]
SQL: SHOW COLUMNS FROM `ysk_user_award_execute` [ RunTime:0.0137s ]
SQL: SELECT `id`,`scores`,`get_type`,`is_release`,`is_success`,`origin_id`,`award_id` FROM `ysk_user_award_execute` WHERE `user_id` = 8820 AND `is_success` = 1 AND `create_time` >= '2018-12-10 18:22:01' LIMIT 8   [ RunTime:0.0159s ]
INFO: [ view_parse ] --START--
INFO: [ template_filter ] --START--
INFO: Run Behavior\ContentReplaceBehavior [ RunTime:0.000376s ]
INFO: Run Behavior\TokenBuildBehavior [ RunTime:0.000491s ]
INFO: [ template_filter ] --END-- [ RunTime:0.000956s ]
NOTIC: [8] Undefined index: m D:\mikey\ThinkPHP\Common\functions.php 第 977 行.
NOTIC: [8] Undefined index: m D:\mikey\ThinkPHP\Common\functions.php 第 977 行.
NOTIC: [8] Undefined index: m D:\mikey\ThinkPHP\Common\functions.php 第 977 行.
NOTIC: [8] Undefined index: m D:\mikey\ThinkPHP\Common\functions.php 第 977 行.
NOTIC: [8] Undefined index: m D:\mikey\ThinkPHP\Common\functions.php 第 977 行.
NOTIC: [8] Undefined index: m D:\mikey\ThinkPHP\Common\functions.php 第 977 行.
NOTIC: [8] Undefined index: m D:\mikey\ThinkPHP\Common\functions.php 第 977 行.
NOTIC: [8] Undefined index: m D:\mikey\ThinkPHP\Common\functions.php 第 977 行.
NOTIC: [8] Undefined index: m D:\mikey\ThinkPHP\Common\functions.php 第 977 行.
NOTIC: [8] Undefined index: m D:\mikey\ThinkPHP\Common\functions.php 第 977 行.
NOTIC: [8] Undefined index: m D:\mikey\ThinkPHP\Common\functions.php 第 977 行.
NOTIC: [8] Undefined index: m D:\mikey\ThinkPHP\Common\functions.php 第 977 行.
INFO: Run Behavior\ParseTemplateBehavior [ RunTime:0.016453s ]
INFO: [ view_parse ] --END-- [ RunTime:0.016508s ]
INFO: [ view_filter ] --START--
INFO: Run Behavior\WriteHtmlCacheBehavior [ RunTime:0.000316s ]
INFO: [ view_filter ] --END-- [ RunTime:0.000360s ]
INFO: [ app_end ] --START--
INFO: Run Behavior\ShowPageTraceBehavior [ RunTime:0.000706s ]
INFO: [ app_end ] --END-- [ RunTime:0.000765s ]

[ 2018-12-11T18:22:02+08:00 ] 127.0.0.1 /Index/pdajax
INFO: [ app_init ] --START--
INFO: Run Behavior\BuildLiteBehavior [ RunTime:0.000025s ]
INFO: [ app_init ] --END-- [ RunTime:0.000120s ]
INFO: [ app_begin ] --START--
INFO: Run Behavior\ReadHtmlCacheBehavior [ RunTime:0.000682s ]
INFO: Run Common\Behavior\CheckLangBehavior [ RunTime:0.003446s ]
INFO: [ app_begin ] --END-- [ RunTime:0.004297s ]
SQL: SHOW COLUMNS FROM `ysk_config` [ RunTime:0.0143s ]
SQL: SELECT `value`,`tip`,`options` FROM `ysk_config` WHERE `name` = 'TOGGLE_WEB_SITE' LIMIT 1   [ RunTime:0.0139s ]
SQL: SHOW COLUMNS FROM `ysk_user` [ RunTime:0.0152s ]
SQL: SHOW COLUMNS FROM `ysk_user` [ RunTime:0.0155s ]
SQL: SELECT `status`,`session_id` FROM `ysk_user` WHERE `userid` = 8820 LIMIT 1   [ RunTime:0.0140s ]
SQL: SHOW COLUMNS FROM `ysk_news` [ RunTime:0.0145s ]
SQL: SELECT * FROM `ysk_news` WHERE ( create_time>=1544457600 ) ORDER BY id desc  [ RunTime:0.0143s ]
INFO: [ app_end ] --START--
INFO: Run Behavior\ShowPageTraceBehavior [ RunTime:0.001111s ]
INFO: [ app_end ] --END-- [ RunTime:0.001172s ]

[ 2018-12-11T18:22:05+08:00 ] 127.0.0.1 /Index/Lang
INFO: [ app_init ] --START--
INFO: Run Behavior\BuildLiteBehavior [ RunTime:0.000019s ]
INFO: [ app_init ] --END-- [ RunTime:0.000107s ]
INFO: [ app_begin ] --START--
INFO: Run Behavior\ReadHtmlCacheBehavior [ RunTime:0.000496s ]
INFO: Run Common\Behavior\CheckLangBehavior [ RunTime:0.002201s ]
INFO: [ app_begin ] --END-- [ RunTime:0.002786s ]
SQL: SHOW COLUMNS FROM `ysk_config` [ RunTime:0.0151s ]
SQL: SELECT `value`,`tip`,`options` FROM `ysk_config` WHERE `name` = 'TOGGLE_WEB_SITE' LIMIT 1   [ RunTime:0.0145s ]
SQL: SHOW COLUMNS FROM `ysk_user` [ RunTime:0.0161s ]
SQL: SHOW COLUMNS FROM `ysk_user` [ RunTime:0.0158s ]
SQL: SELECT `status`,`session_id` FROM `ysk_user` WHERE `userid` = 8820 LIMIT 1   [ RunTime:0.0144s ]

[ 2018-12-11T18:22:06+08:00 ] 127.0.0.1 /Index/index.html?l=en-us
INFO: [ app_init ] --START--
INFO: Run Behavior\BuildLiteBehavior [ RunTime:0.000025s ]
INFO: [ app_init ] --END-- [ RunTime:0.000134s ]
INFO: [ app_begin ] --START--
INFO: Run Behavior\ReadHtmlCacheBehavior [ RunTime:0.001397s ]
INFO: Run Common\Behavior\CheckLangBehavior [ RunTime:0.002589s ]
INFO: [ app_begin ] --END-- [ RunTime:0.004136s ]
SQL: SHOW COLUMNS FROM `ysk_config` [ RunTime:0.0151s ]
SQL: SELECT `value`,`tip`,`options` FROM `ysk_config` WHERE `name` = 'TOGGLE_WEB_SITE' LIMIT 1   [ RunTime:0.0142s ]
SQL: SHOW COLUMNS FROM `ysk_user` [ RunTime:0.0156s ]
SQL: SHOW COLUMNS FROM `ysk_user` [ RunTime:0.0161s ]
SQL: SELECT `status`,`session_id` FROM `ysk_user` WHERE `userid` = 8820 LIMIT 1   [ RunTime:0.0135s ]
SQL: SHOW COLUMNS FROM `ysk_banner` [ RunTime:0.0152s ]
SQL: SELECT * FROM `ysk_banner` ORDER BY sort  [ RunTime:0.0146s ]
SQL: SELECT `img_head`,`userid`,`username`,`user_credit`,`is_reward`,`today_releas`,`quanxian`,`use_grade`,`releas_time`,`is_degraded`,`is_auto` FROM `ysk_user` WHERE `userid` = 8820 LIMIT 1   [ RunTime:0.0145s ]
NOTIC: [2] getimagesize(./Public/home/wap/heads/5c064b81ac9b8.jpg): failed to open stream: No such file or directory D:\mikey\shop\Home\Controller\IndexController.class.php 第 43 行.
SQL: SHOW COLUMNS FROM `ysk_store` [ RunTime:0.0154s ]
SQL: SELECT `cangku_num`,`fengmi_num` FROM `ysk_store` WHERE `uid` = 8820 LIMIT 1   [ RunTime:0.0150s ]
SQL: SHOW COLUMNS FROM `ysk_user_award_execute` [ RunTime:0.0146s ]
SQL: SELECT `id`,`scores`,`get_type`,`is_release`,`is_success`,`origin_id`,`award_id` FROM `ysk_user_award_execute` WHERE `user_id` = 8820 AND `is_success` = 1 AND `create_time` >= '2018-12-10 18:22:06' LIMIT 8   [ RunTime:0.0168s ]
INFO: [ view_parse ] --START--
INFO: [ template_filter ] --START--
INFO: Run Behavior\ContentReplaceBehavior [ RunTime:0.000431s ]
INFO: Run Behavior\TokenBuildBehavior [ RunTime:0.000766s ]
INFO: [ template_filter ] --END-- [ RunTime:0.001357s ]
NOTIC: [8] Undefined index: m D:\mikey\ThinkPHP\Common\functions.php 第 977 行.
NOTIC: [8] Undefined index: m D:\mikey\ThinkPHP\Common\functions.php 第 977 行.
NOTIC: [8] Undefined index: m D:\mikey\ThinkPHP\Common\functions.php 第 977 行.
NOTIC: [8] Undefined index: m D:\mikey\ThinkPHP\Common\functions.php 第 977 行.
NOTIC: [8] Undefined index: m D:\mikey\ThinkPHP\Common\functions.php 第 977 行.
NOTIC: [8] Undefined index: m D:\mikey\ThinkPHP\Common\functions.php 第 977 行.
NOTIC: [8] Undefined index: m D:\mikey\ThinkPHP\Common\functions.php 第 977 行.
NOTIC: [8] Undefined index: m D:\mikey\ThinkPHP\Common\functions.php 第 977 行.
NOTIC: [8] Undefined index: m D:\mikey\ThinkPHP\Common\functions.php 第 977 行.
NOTIC: [8] Undefined index: m D:\mikey\ThinkPHP\Common\functions.php 第 977 行.
NOTIC: [8] Undefined index: m D:\mikey\ThinkPHP\Common\functions.php 第 977 行.
NOTIC: [8] Undefined index: m D:\mikey\ThinkPHP\Common\functions.php 第 977 行.
INFO: Run Behavior\ParseTemplateBehavior [ RunTime:0.018927s ]
INFO: [ view_parse ] --END-- [ RunTime:0.019006s ]
INFO: [ view_filter ] --START--
INFO: Run Behavior\WriteHtmlCacheBehavior [ RunTime:0.000590s ]
INFO: [ view_filter ] --END-- [ RunTime:0.000690s ]
INFO: [ app_end ] --START--
INFO: Run Behavior\ShowPageTraceBehavior [ RunTime:0.000600s ]
INFO: [ app_end ] --END-- [ RunTime:0.000663s ]

[ 2018-12-11T18:22:06+08:00 ] 127.0.0.1 /Index/pdajax
INFO: [ app_init ] --START--
INFO: Run Behavior\BuildLiteBehavior [ RunTime:0.000014s ]
INFO: [ app_init ] --END-- [ RunTime:0.000074s ]
INFO: [ app_begin ] --START--
INFO: Run Behavior\ReadHtmlCacheBehavior [ RunTime:0.000582s ]
INFO: Run Common\Behavior\CheckLangBehavior [ RunTime:0.002096s ]
INFO: [ app_begin ] --END-- [ RunTime:0.002799s ]
SQL: SHOW COLUMNS FROM `ysk_config` [ RunTime:0.0153s ]
SQL: SELECT `value`,`tip`,`options` FROM `ysk_config` WHERE `name` = 'TOGGLE_WEB_SITE' LIMIT 1   [ RunTime:0.0147s ]
SQL: SHOW COLUMNS FROM `ysk_user` [ RunTime:0.0161s ]
SQL: SHOW COLUMNS FROM `ysk_user` [ RunTime:0.0153s ]
SQL: SELECT `status`,`session_id` FROM `ysk_user` WHERE `userid` = 8820 LIMIT 1   [ RunTime:0.0137s ]
SQL: SHOW COLUMNS FROM `ysk_news` [ RunTime:0.0160s ]
SQL: SELECT * FROM `ysk_news` WHERE ( create_time>=1544457600 ) ORDER BY id desc  [ RunTime:0.0133s ]
INFO: [ app_end ] --START--
INFO: Run Behavior\ShowPageTraceBehavior [ RunTime:0.001133s ]
INFO: [ app_end ] --END-- [ RunTime:0.001184s ]

[ 2018-12-11T18:22:22+08:00 ] 127.0.0.1 /Index/Lang
INFO: [ app_init ] --START--
INFO: Run Behavior\BuildLiteBehavior [ RunTime:0.000024s ]
INFO: [ app_init ] --END-- [ RunTime:0.000119s ]
INFO: [ app_begin ] --START--
INFO: Run Behavior\ReadHtmlCacheBehavior [ RunTime:0.000580s ]
INFO: Run Common\Behavior\CheckLangBehavior [ RunTime:0.002763s ]
INFO: [ app_begin ] --END-- [ RunTime:0.003450s ]
SQL: SHOW COLUMNS FROM `ysk_config` [ RunTime:0.0152s ]
SQL: SELECT `value`,`tip`,`options` FROM `ysk_config` WHERE `name` = 'TOGGLE_WEB_SITE' LIMIT 1   [ RunTime:0.0145s ]
SQL: SHOW COLUMNS FROM `ysk_user` [ RunTime:0.0164s ]
SQL: SHOW COLUMNS FROM `ysk_user` [ RunTime:0.0158s ]
SQL: SELECT `status`,`session_id` FROM `ysk_user` WHERE `userid` = 8820 LIMIT 1   [ RunTime:0.0146s ]

[ 2018-12-11T18:22:23+08:00 ] 127.0.0.1 /Index/index.html?l=zh-cn
INFO: [ app_init ] --START--
INFO: Run Behavior\BuildLiteBehavior [ RunTime:0.000014s ]
INFO: [ app_init ] --END-- [ RunTime:0.000075s ]
INFO: [ app_begin ] --START--
INFO: Run Behavior\ReadHtmlCacheBehavior [ RunTime:0.000538s ]
INFO: Run Common\Behavior\CheckLangBehavior [ RunTime:0.002258s ]
INFO: [ app_begin ] --END-- [ RunTime:0.002894s ]
SQL: SHOW COLUMNS FROM `ysk_config` [ RunTime:0.0152s ]
SQL: SELECT `value`,`tip`,`options` FROM `ysk_config` WHERE `name` = 'TOGGLE_WEB_SITE' LIMIT 1   [ RunTime:0.0146s ]
SQL: SHOW COLUMNS FROM `ysk_user` [ RunTime:0.0161s ]
SQL: SHOW COLUMNS FROM `ysk_user` [ RunTime:0.0158s ]
SQL: SELECT `status`,`session_id` FROM `ysk_user` WHERE `userid` = 8820 LIMIT 1   [ RunTime:0.0164s ]
SQL: SHOW COLUMNS FROM `ysk_banner` [ RunTime:0.0147s ]
SQL: SELECT * FROM `ysk_banner` ORDER BY sort  [ RunTime:0.0141s ]
SQL: SELECT `img_head`,`userid`,`username`,`user_credit`,`is_reward`,`today_releas`,`quanxian`,`use_grade`,`releas_time`,`is_degraded`,`is_auto` FROM `ysk_user` WHERE `userid` = 8820 LIMIT 1   [ RunTime:0.0144s ]
NOTIC: [2] getimagesize(./Public/home/wap/heads/5c064b81ac9b8.jpg): failed to open stream: No such file or directory D:\mikey\shop\Home\Controller\IndexController.class.php 第 43 行.
SQL: SHOW COLUMNS FROM `ysk_store` [ RunTime:0.0149s ]
SQL: SELECT `cangku_num`,`fengmi_num` FROM `ysk_store` WHERE `uid` = 8820 LIMIT 1   [ RunTime:0.0144s ]
SQL: SHOW COLUMNS FROM `ysk_user_award_execute` [ RunTime:0.0144s ]
SQL: SELECT `id`,`scores`,`get_type`,`is_release`,`is_success`,`origin_id`,`award_id` FROM `ysk_user_award_execute` WHERE `user_id` = 8820 AND `is_success` = 1 AND `create_time` >= '2018-12-10 18:22:23' LIMIT 8   [ RunTime:0.0200s ]
INFO: [ view_parse ] --START--
INFO: [ template_filter ] --START--
INFO: Run Behavior\ContentReplaceBehavior [ RunTime:0.000385s ]
INFO: Run Behavior\TokenBuildBehavior [ RunTime:0.000567s ]
INFO: [ template_filter ] --END-- [ RunTime:0.001042s ]
NOTIC: [8] Undefined index: m D:\mikey\ThinkPHP\Common\functions.php 第 977 行.
NOTIC: [8] Undefined index: m D:\mikey\ThinkPHP\Common\functions.php 第 977 行.
NOTIC: [8] Undefined index: m D:\mikey\ThinkPHP\Common\functions.php 第 977 行.
NOTIC: [8] Undefined index: m D:\mikey\ThinkPHP\Common\functions.php 第 977 行.
NOTIC: [8] Undefined index: m D:\mikey\ThinkPHP\Common\functions.php 第 977 行.
NOTIC: [8] Undefined index: m D:\mikey\ThinkPHP\Common\functions.php 第 977 行.
NOTIC: [8] Undefined index: m D:\mikey\ThinkPHP\Common\functions.php 第 977 行.
NOTIC: [8] Undefined index: m D:\mikey\ThinkPHP\Common\functions.php 第 977 行.
NOTIC: [8] Undefined index: m D:\mikey\ThinkPHP\Common\functions.php 第 977 行.
NOTIC: [8] Undefined index: m D:\mikey\ThinkPHP\Common\functions.php 第 977 行.
NOTIC: [8] Undefined index: m D:\mikey\ThinkPHP\Common\functions.php 第 977 行.
NOTIC: [8] Undefined index: m D:\mikey\ThinkPHP\Common\functions.php 第 977 行.
INFO: Run Behavior\ParseTemplateBehavior [ RunTime:0.018072s ]
INFO: [ view_parse ] --END-- [ RunTime:0.018128s ]
INFO: [ view_filter ] --START--
INFO: Run Behavior\WriteHtmlCacheBehavior [ RunTime:0.000451s ]
INFO: [ view_filter ] --END-- [ RunTime:0.000496s ]
INFO: [ app_end ] --START--
INFO: Run Behavior\ShowPageTraceBehavior [ RunTime:0.000883s ]
INFO: [ app_end ] --END-- [ RunTime:0.000961s ]

[ 2018-12-11T18:22:23+08:00 ] 127.0.0.1 /Index/pdajax
INFO: [ app_init ] --START--
INFO: Run Behavior\BuildLiteBehavior [ RunTime:0.000014s ]
INFO: [ app_init ] --END-- [ RunTime:0.000073s ]
INFO: [ app_begin ] --START--
INFO: Run Behavior\ReadHtmlCacheBehavior [ RunTime:0.000543s ]
INFO: Run Common\Behavior\CheckLangBehavior [ RunTime:0.002550s ]
INFO: [ app_begin ] --END-- [ RunTime:0.003202s ]
SQL: SHOW COLUMNS FROM `ysk_config` [ RunTime:0.0154s ]
SQL: SELECT `value`,`tip`,`options` FROM `ysk_config` WHERE `name` = 'TOGGLE_WEB_SITE' LIMIT 1   [ RunTime:0.0157s ]
SQL: SHOW COLUMNS FROM `ysk_user` [ RunTime:0.0236s ]
SQL: SHOW COLUMNS FROM `ysk_user` [ RunTime:0.0155s ]
SQL: SELECT `status`,`session_id` FROM `ysk_user` WHERE `userid` = 8820 LIMIT 1   [ RunTime:0.0140s ]
SQL: SHOW COLUMNS FROM `ysk_news` [ RunTime:0.0142s ]
SQL: SELECT * FROM `ysk_news` WHERE ( create_time>=1544457600 ) ORDER BY id desc  [ RunTime:0.0140s ]
INFO: [ app_end ] --START--
INFO: Run Behavior\ShowPageTraceBehavior [ RunTime:0.001167s ]
INFO: [ app_end ] --END-- [ RunTime:0.001265s ]

[ 2018-12-11T18:23:02+08:00 ] 127.0.0.1 /Index/index.html?l=zh-cn
INFO: [ app_init ] --START--
INFO: Run Behavior\BuildLiteBehavior [ RunTime:0.000015s ]
INFO: [ app_init ] --END-- [ RunTime:0.000074s ]
INFO: [ app_begin ] --START--
INFO: Run Behavior\ReadHtmlCacheBehavior [ RunTime:0.000535s ]
INFO: Run Common\Behavior\CheckLangBehavior [ RunTime:0.002288s ]
INFO: [ app_begin ] --END-- [ RunTime:0.002926s ]
SQL: SHOW COLUMNS FROM `ysk_config` [ RunTime:0.0150s ]
SQL: SELECT `value`,`tip`,`options` FROM `ysk_config` WHERE `name` = 'TOGGLE_WEB_SITE' LIMIT 1   [ RunTime:0.0139s ]
SQL: SHOW COLUMNS FROM `ysk_user` [ RunTime:0.0157s ]
SQL: SHOW COLUMNS FROM `ysk_user` [ RunTime:0.0157s ]
SQL: SELECT `status`,`session_id` FROM `ysk_user` WHERE `userid` = 8820 LIMIT 1   [ RunTime:0.0144s ]
SQL: SHOW COLUMNS FROM `ysk_banner` [ RunTime:0.0155s ]
SQL: SELECT * FROM `ysk_banner` ORDER BY sort  [ RunTime:0.0145s ]
SQL: SELECT `img_head`,`userid`,`username`,`user_credit`,`is_reward`,`today_releas`,`quanxian`,`use_grade`,`releas_time`,`is_degraded`,`is_auto` FROM `ysk_user` WHERE `userid` = 8820 LIMIT 1   [ RunTime:0.0139s ]
NOTIC: [2] getimagesize(./Public/home/wap/heads/5c064b81ac9b8.jpg): failed to open stream: No such file or directory D:\mikey\shop\Home\Controller\IndexController.class.php 第 43 行.
SQL: SHOW COLUMNS FROM `ysk_store` [ RunTime:0.0151s ]
SQL: SELECT `cangku_num`,`fengmi_num` FROM `ysk_store` WHERE `uid` = 8820 LIMIT 1   [ RunTime:0.0144s ]
SQL: SHOW COLUMNS FROM `ysk_user_award_execute` [ RunTime:0.0149s ]
SQL: SELECT `id`,`scores`,`get_type`,`is_release`,`is_success`,`origin_id`,`award_id` FROM `ysk_user_award_execute` WHERE `user_id` = 8820 AND `is_success` = 1 AND `create_time` >= '2018-12-10 18:23:01' LIMIT 8   [ RunTime:0.0168s ]
INFO: [ view_parse ] --START--
INFO: [ template_filter ] --START--
INFO: Run Behavior\ContentReplaceBehavior [ RunTime:0.000740s ]
INFO: Run Behavior\TokenBuildBehavior [ RunTime:0.000709s ]
INFO: [ template_filter ] --END-- [ RunTime:0.001574s ]
NOTIC: [8] Undefined index: m D:\mikey\ThinkPHP\Common\functions.php 第 977 行.
NOTIC: [8] Undefined index: m D:\mikey\ThinkPHP\Common\functions.php 第 977 行.
NOTIC: [8] Undefined index: m D:\mikey\ThinkPHP\Common\functions.php 第 977 行.
NOTIC: [8] Undefined index: m D:\mikey\ThinkPHP\Common\functions.php 第 977 行.
NOTIC: [8] Undefined index: m D:\mikey\ThinkPHP\Common\functions.php 第 977 行.
NOTIC: [8] Undefined index: m D:\mikey\ThinkPHP\Common\functions.php 第 977 行.
NOTIC: [8] Undefined index: m D:\mikey\ThinkPHP\Common\functions.php 第 977 行.
NOTIC: [8] Undefined index: m D:\mikey\ThinkPHP\Common\functions.php 第 977 行.
NOTIC: [8] Undefined index: m D:\mikey\ThinkPHP\Common\functions.php 第 977 行.
NOTIC: [8] Undefined index: m D:\mikey\ThinkPHP\Common\functions.php 第 977 行.
NOTIC: [8] Undefined index: m D:\mikey\ThinkPHP\Common\functions.php 第 977 行.
NOTIC: [8] Undefined index: m D:\mikey\ThinkPHP\Common\functions.php 第 977 行.
INFO: Run Behavior\ParseTemplateBehavior [ RunTime:0.024786s ]
INFO: [ view_parse ] --END-- [ RunTime:0.024843s ]
INFO: [ view_filter ] --START--
INFO: Run Behavior\WriteHtmlCacheBehavior [ RunTime:0.000505s ]
INFO: [ view_filter ] --END-- [ RunTime:0.000550s ]
INFO: [ app_end ] --START--
INFO: Run Behavior\ShowPageTraceBehavior [ RunTime:0.000673s ]
INFO: [ app_end ] --END-- [ RunTime:0.000751s ]

[ 2018-12-11T18:23:02+08:00 ] 127.0.0.1 /Index/pdajax
INFO: [ app_init ] --START--
INFO: Run Behavior\BuildLiteBehavior [ RunTime:0.000017s ]
INFO: [ app_init ] --END-- [ RunTime:0.000078s ]
INFO: [ app_begin ] --START--
INFO: Run Behavior\ReadHtmlCacheBehavior [ RunTime:0.000623s ]
INFO: Run Common\Behavior\CheckLangBehavior [ RunTime:0.002334s ]
INFO: [ app_begin ] --END-- [ RunTime:0.003075s ]
SQL: SHOW COLUMNS FROM `ysk_config` [ RunTime:0.0150s ]
SQL: SELECT `value`,`tip`,`options` FROM `ysk_config` WHERE `name` = 'TOGGLE_WEB_SITE' LIMIT 1   [ RunTime:0.0195s ]
SQL: SHOW COLUMNS FROM `ysk_user` [ RunTime:0.0172s ]
SQL: SHOW COLUMNS FROM `ysk_user` [ RunTime:0.0156s ]
SQL: SELECT `status`,`session_id` FROM `ysk_user` WHERE `userid` = 8820 LIMIT 1   [ RunTime:0.0148s ]
SQL: SHOW COLUMNS FROM `ysk_news` [ RunTime:0.0159s ]
SQL: SELECT * FROM `ysk_news` WHERE ( create_time>=1544457600 ) ORDER BY id desc  [ RunTime:0.0150s ]
INFO: [ app_end ] --START--
INFO: Run Behavior\ShowPageTraceBehavior [ RunTime:0.001132s ]
INFO: [ app_end ] --END-- [ RunTime:0.001219s ]

[ 2018-12-11T18:23:07+08:00 ] 127.0.0.1 /Index/Lang
INFO: [ app_init ] --START--
INFO: Run Behavior\BuildLiteBehavior [ RunTime:0.000028s ]
INFO: [ app_init ] --END-- [ RunTime:0.000132s ]
INFO: [ app_begin ] --START--
INFO: Run Behavior\ReadHtmlCacheBehavior [ RunTime:0.000540s ]
INFO: Run Common\Behavior\CheckLangBehavior [ RunTime:0.002312s ]
INFO: [ app_begin ] --END-- [ RunTime:0.002950s ]
SQL: SHOW COLUMNS FROM `ysk_config` [ RunTime:0.0142s ]
SQL: SELECT `value`,`tip`,`options` FROM `ysk_config` WHERE `name` = 'TOGGLE_WEB_SITE' LIMIT 1   [ RunTime:0.0135s ]
SQL: SHOW COLUMNS FROM `ysk_user` [ RunTime:0.0153s ]
SQL: SHOW COLUMNS FROM `ysk_user` [ RunTime:0.0148s ]
SQL: SELECT `status`,`session_id` FROM `ysk_user` WHERE `userid` = 8820 LIMIT 1   [ RunTime:0.0130s ]

[ 2018-12-11T18:23:07+08:00 ] 127.0.0.1 /Index/index.html?l=en-us
INFO: [ app_init ] --START--
INFO: Run Behavior\BuildLiteBehavior [ RunTime:0.000026s ]
INFO: [ app_init ] --END-- [ RunTime:0.000158s ]
INFO: [ app_begin ] --START--
INFO: Run Behavior\ReadHtmlCacheBehavior [ RunTime:0.000630s ]
INFO: Run Common\Behavior\CheckLangBehavior [ RunTime:0.002438s ]
INFO: [ app_begin ] --END-- [ RunTime:0.003233s ]
SQL: SHOW COLUMNS FROM `ysk_config` [ RunTime:0.0154s ]
SQL: SELECT `value`,`tip`,`options` FROM `ysk_config` WHERE `name` = 'TOGGLE_WEB_SITE' LIMIT 1   [ RunTime:0.0148s ]
SQL: SHOW COLUMNS FROM `ysk_user` [ RunTime:0.0162s ]
SQL: SHOW COLUMNS FROM `ysk_user` [ RunTime:0.0159s ]
SQL: SELECT `status`,`session_id` FROM `ysk_user` WHERE `userid` = 8820 LIMIT 1   [ RunTime:0.0146s ]
SQL: SHOW COLUMNS FROM `ysk_banner` [ RunTime:0.0152s ]
SQL: SELECT * FROM `ysk_banner` ORDER BY sort  [ RunTime:0.0148s ]
SQL: SELECT `img_head`,`userid`,`username`,`user_credit`,`is_reward`,`today_releas`,`quanxian`,`use_grade`,`releas_time`,`is_degraded`,`is_auto` FROM `ysk_user` WHERE `userid` = 8820 LIMIT 1   [ RunTime:0.0150s ]
NOTIC: [2] getimagesize(./Public/home/wap/heads/5c064b81ac9b8.jpg): failed to open stream: No such file or directory D:\mikey\shop\Home\Controller\IndexController.class.php 第 43 行.
SQL: SHOW COLUMNS FROM `ysk_store` [ RunTime:0.0155s ]
SQL: SELECT `cangku_num`,`fengmi_num` FROM `ysk_store` WHERE `uid` = 8820 LIMIT 1   [ RunTime:0.0145s ]
SQL: SHOW COLUMNS FROM `ysk_user_award_execute` [ RunTime:0.0154s ]
SQL: SELECT `id`,`scores`,`get_type`,`is_release`,`is_success`,`origin_id`,`award_id` FROM `ysk_user_award_execute` WHERE `user_id` = 8820 AND `is_success` = 1 AND `create_time` >= '2018-12-10 18:23:07' LIMIT 8   [ RunTime:0.0170s ]
INFO: [ view_parse ] --START--
INFO: [ template_filter ] --START--
INFO: Run Behavior\ContentReplaceBehavior [ RunTime:0.000407s ]
INFO: Run Behavior\TokenBuildBehavior [ RunTime:0.000746s ]
INFO: [ template_filter ] --END-- [ RunTime:0.001276s ]
NOTIC: [8] Undefined index: m D:\mikey\ThinkPHP\Common\functions.php 第 977 行.
NOTIC: [8] Undefined index: m D:\mikey\ThinkPHP\Common\functions.php 第 977 行.
NOTIC: [8] Undefined index: m D:\mikey\ThinkPHP\Common\functions.php 第 977 行.
NOTIC: [8] Undefined index: m D:\mikey\ThinkPHP\Common\functions.php 第 977 行.
NOTIC: [8] Undefined index: m D:\mikey\ThinkPHP\Common\functions.php 第 977 行.
NOTIC: [8] Undefined index: m D:\mikey\ThinkPHP\Common\functions.php 第 977 行.
NOTIC: [8] Undefined index: m D:\mikey\ThinkPHP\Common\functions.php 第 977 行.
NOTIC: [8] Undefined index: m D:\mikey\ThinkPHP\Common\functions.php 第 977 行.
NOTIC: [8] Undefined index: m D:\mikey\ThinkPHP\Common\functions.php 第 977 行.
NOTIC: [8] Undefined index: m D:\mikey\ThinkPHP\Common\functions.php 第 977 行.
NOTIC: [8] Undefined index: m D:\mikey\ThinkPHP\Common\functions.php 第 977 行.
NOTIC: [8] Undefined index: m D:\mikey\ThinkPHP\Common\functions.php 第 977 行.
INFO: Run Behavior\ParseTemplateBehavior [ RunTime:0.024261s ]
INFO: [ view_parse ] --END-- [ RunTime:0.024342s ]
INFO: [ view_filter ] --START--
INFO: Run Behavior\WriteHtmlCacheBehavior [ RunTime:0.000565s ]
INFO: [ view_filter ] --END-- [ RunTime:0.000649s ]
INFO: [ app_end ] --START--
INFO: Run Behavior\ShowPageTraceBehavior [ RunTime:0.000600s ]
INFO: [ app_end ] --END-- [ RunTime:0.000661s ]

[ 2018-12-11T18:23:07+08:00 ] 127.0.0.1 /Index/pdajax
INFO: [ app_init ] --START--
INFO: Run Behavior\BuildLiteBehavior [ RunTime:0.000015s ]
INFO: [ app_init ] --END-- [ RunTime:0.000073s ]
INFO: [ app_begin ] --START--
INFO: Run Behavior\ReadHtmlCacheBehavior [ RunTime:0.000811s ]
INFO: Run Common\Behavior\CheckLangBehavior [ RunTime:0.002517s ]
INFO: [ app_begin ] --END-- [ RunTime:0.003467s ]
SQL: SHOW COLUMNS FROM `ysk_config` [ RunTime:0.0153s ]
SQL: SELECT `value`,`tip`,`options` FROM `ysk_config` WHERE `name` = 'TOGGLE_WEB_SITE' LIMIT 1   [ RunTime:0.0146s ]
SQL: SHOW COLUMNS FROM `ysk_user` [ RunTime:0.0166s ]
SQL: SHOW COLUMNS FROM `ysk_user` [ RunTime:0.0171s ]
SQL: SELECT `status`,`session_id` FROM `ysk_user` WHERE `userid` = 8820 LIMIT 1   [ RunTime:0.0147s ]
SQL: SHOW COLUMNS FROM `ysk_news` [ RunTime:0.0154s ]
SQL: SELECT * FROM `ysk_news` WHERE ( create_time>=1544457600 ) ORDER BY id desc  [ RunTime:0.0150s ]
INFO: [ app_end ] --START--
INFO: Run Behavior\ShowPageTraceBehavior [ RunTime:0.000749s ]
INFO: [ app_end ] --END-- [ RunTime:0.000803s ]

[ 2018-12-11T18:23:34+08:00 ] 127.0.0.1 /Index/Lang
INFO: [ app_init ] --START--
INFO: Run Behavior\BuildLiteBehavior [ RunTime:0.000014s ]
INFO: [ app_init ] --END-- [ RunTime:0.000076s ]
INFO: [ app_begin ] --START--
INFO: Run Behavior\ReadHtmlCacheBehavior [ RunTime:0.000520s ]
INFO: Run Common\Behavior\CheckLangBehavior [ RunTime:0.001970s ]
INFO: [ app_begin ] --END-- [ RunTime:0.002581s ]
SQL: SHOW COLUMNS FROM `ysk_config` [ RunTime:0.0146s ]
SQL: SELECT `value`,`tip`,`options` FROM `ysk_config` WHERE `name` = 'TOGGLE_WEB_SITE' LIMIT 1   [ RunTime:0.0142s ]
SQL: SHOW COLUMNS FROM `ysk_user` [ RunTime:0.0156s ]
SQL: SHOW COLUMNS FROM `ysk_user` [ RunTime:0.0152s ]
SQL: SELECT `status`,`session_id` FROM `ysk_user` WHERE `userid` = 8820 LIMIT 1   [ RunTime:0.0137s ]

[ 2018-12-11T18:23:35+08:00 ] 127.0.0.1 /Index/index.html?l=zh-cn
INFO: [ app_init ] --START--
INFO: Run Behavior\BuildLiteBehavior [ RunTime:0.000015s ]
INFO: [ app_init ] --END-- [ RunTime:0.000075s ]
INFO: [ app_begin ] --START--
INFO: Run Behavior\ReadHtmlCacheBehavior [ RunTime:0.000555s ]
INFO: Run Common\Behavior\CheckLangBehavior [ RunTime:0.002412s ]
INFO: [ app_begin ] --END-- [ RunTime:0.003082s ]
SQL: SHOW COLUMNS FROM `ysk_config` [ RunTime:0.0152s ]
SQL: SELECT `value`,`tip`,`options` FROM `ysk_config` WHERE `name` = 'TOGGLE_WEB_SITE' LIMIT 1   [ RunTime:0.0143s ]
SQL: SHOW COLUMNS FROM `ysk_user` [ RunTime:0.0163s ]
SQL: SHOW COLUMNS FROM `ysk_user` [ RunTime:0.0162s ]
SQL: SELECT `status`,`session_id` FROM `ysk_user` WHERE `userid` = 8820 LIMIT 1   [ RunTime:0.0144s ]
SQL: SHOW COLUMNS FROM `ysk_banner` [ RunTime:0.0152s ]
SQL: SELECT * FROM `ysk_banner` ORDER BY sort  [ RunTime:0.0145s ]
SQL: SELECT `img_head`,`userid`,`username`,`user_credit`,`is_reward`,`today_releas`,`quanxian`,`use_grade`,`releas_time`,`is_degraded`,`is_auto` FROM `ysk_user` WHERE `userid` = 8820 LIMIT 1   [ RunTime:0.0147s ]
NOTIC: [2] getimagesize(./Public/home/wap/heads/5c064b81ac9b8.jpg): failed to open stream: No such file or directory D:\mikey\shop\Home\Controller\IndexController.class.php 第 43 行.
SQL: SHOW COLUMNS FROM `ysk_store` [ RunTime:0.0149s ]
SQL: SELECT `cangku_num`,`fengmi_num` FROM `ysk_store` WHERE `uid` = 8820 LIMIT 1   [ RunTime:0.0145s ]
SQL: SHOW COLUMNS FROM `ysk_user_award_execute` [ RunTime:0.0147s ]
SQL: SELECT `id`,`scores`,`get_type`,`is_release`,`is_success`,`origin_id`,`award_id` FROM `ysk_user_award_execute` WHERE `user_id` = 8820 AND `is_success` = 1 AND `create_time` >= '2018-12-10 18:23:34' LIMIT 8   [ RunTime:0.0172s ]
INFO: [ view_parse ] --START--
INFO: [ template_filter ] --START--
INFO: Run Behavior\ContentReplaceBehavior [ RunTime:0.000393s ]
INFO: Run Behavior\TokenBuildBehavior [ RunTime:0.000541s ]
INFO: [ template_filter ] --END-- [ RunTime:0.001043s ]
NOTIC: [8] Undefined index: m D:\mikey\ThinkPHP\Common\functions.php 第 977 行.
NOTIC: [8] Undefined index: m D:\mikey\ThinkPHP\Common\functions.php 第 977 行.
NOTIC: [8] Undefined index: m D:\mikey\ThinkPHP\Common\functions.php 第 977 行.
NOTIC: [8] Undefined index: m D:\mikey\ThinkPHP\Common\functions.php 第 977 行.
NOTIC: [8] Undefined index: m D:\mikey\ThinkPHP\Common\functions.php 第 977 行.
NOTIC: [8] Undefined index: m D:\mikey\ThinkPHP\Common\functions.php 第 977 行.
NOTIC: [8] Undefined index: m D:\mikey\ThinkPHP\Common\functions.php 第 977 行.
NOTIC: [8] Undefined index: m D:\mikey\ThinkPHP\Common\functions.php 第 977 行.
NOTIC: [8] Undefined index: m D:\mikey\ThinkPHP\Common\functions.php 第 977 行.
NOTIC: [8] Undefined index: m D:\mikey\ThinkPHP\Common\functions.php 第 977 行.
NOTIC: [8] Undefined index: m D:\mikey\ThinkPHP\Common\functions.php 第 977 行.
NOTIC: [8] Undefined index: m D:\mikey\ThinkPHP\Common\functions.php 第 977 行.
INFO: Run Behavior\ParseTemplateBehavior [ RunTime:0.024571s ]
INFO: [ view_parse ] --END-- [ RunTime:0.024651s ]
INFO: [ view_filter ] --START--
INFO: Run Behavior\WriteHtmlCacheBehavior [ RunTime:0.000572s ]
INFO: [ view_filter ] --END-- [ RunTime:0.000657s ]
INFO: [ app_end ] --START--
INFO: Run Behavior\ShowPageTraceBehavior [ RunTime:0.000617s ]
INFO: [ app_end ] --END-- [ RunTime:0.000703s ]

[ 2018-12-11T18:23:35+08:00 ] 127.0.0.1 /Index/pdajax
INFO: [ app_init ] --START--
INFO: Run Behavior\BuildLiteBehavior [ RunTime:0.000016s ]
INFO: [ app_init ] --END-- [ RunTime:0.000078s ]
INFO: [ app_begin ] --START--
INFO: Run Behavior\ReadHtmlCacheBehavior [ RunTime:0.000726s ]
INFO: Run Common\Behavior\CheckLangBehavior [ RunTime:0.002402s ]
INFO: [ app_begin ] --END-- [ RunTime:0.003241s ]
SQL: SHOW COLUMNS FROM `ysk_config` [ RunTime:0.0151s ]
SQL: SELECT `value`,`tip`,`options` FROM `ysk_config` WHERE `name` = 'TOGGLE_WEB_SITE' LIMIT 1   [ RunTime:0.0133s ]
SQL: SHOW COLUMNS FROM `ysk_user` [ RunTime:0.0146s ]
SQL: SHOW COLUMNS FROM `ysk_user` [ RunTime:0.0143s ]
SQL: SELECT `status`,`session_id` FROM `ysk_user` WHERE `userid` = 8820 LIMIT 1   [ RunTime:0.0140s ]
SQL: SHOW COLUMNS FROM `ysk_news` [ RunTime:0.0140s ]
SQL: SELECT * FROM `ysk_news` WHERE ( create_time>=1544457600 ) ORDER BY id desc  [ RunTime:0.0133s ]
INFO: [ app_end ] --START--
INFO: Run Behavior\ShowPageTraceBehavior [ RunTime:0.000687s ]
INFO: [ app_end ] --END-- [ RunTime:0.000742s ]

[ 2018-12-11T18:23:43+08:00 ] 127.0.0.1 /Index/Lang
INFO: [ app_init ] --START--
INFO: Run Behavior\BuildLiteBehavior [ RunTime:0.000015s ]
INFO: [ app_init ] --END-- [ RunTime:0.000075s ]
INFO: [ app_begin ] --START--
INFO: Run Behavior\ReadHtmlCacheBehavior [ RunTime:0.000534s ]
INFO: Run Common\Behavior\CheckLangBehavior [ RunTime:0.002280s ]
INFO: [ app_begin ] --END-- [ RunTime:0.002913s ]
SQL: SHOW COLUMNS FROM `ysk_config` [ RunTime:0.0148s ]
SQL: SELECT `value`,`tip`,`options` FROM `ysk_config` WHERE `name` = 'TOGGLE_WEB_SITE' LIMIT 1   [ RunTime:0.0146s ]
SQL: SHOW COLUMNS FROM `ysk_user` [ RunTime:0.0175s ]
SQL: SHOW COLUMNS FROM `ysk_user` [ RunTime:0.0193s ]
SQL: SELECT `status`,`session_id` FROM `ysk_user` WHERE `userid` = 8820 LIMIT 1   [ RunTime:0.0147s ]

[ 2018-12-11T18:23:43+08:00 ] 127.0.0.1 /Index/index.html?l=zxcghy84-corean
INFO: [ app_init ] --START--
INFO: Run Behavior\BuildLiteBehavior [ RunTime:0.000015s ]
INFO: [ app_init ] --END-- [ RunTime:0.000075s ]
INFO: [ app_begin ] --START--
INFO: Run Behavior\ReadHtmlCacheBehavior [ RunTime:0.000943s ]
INFO: Run Common\Behavior\CheckLangBehavior [ RunTime:0.003798s ]
INFO: [ app_begin ] --END-- [ RunTime:0.004888s ]
SQL: SHOW COLUMNS FROM `ysk_config` [ RunTime:0.0146s ]
SQL: SELECT `value`,`tip`,`options` FROM `ysk_config` WHERE `name` = 'TOGGLE_WEB_SITE' LIMIT 1   [ RunTime:0.0139s ]
SQL: SHOW COLUMNS FROM `ysk_user` [ RunTime:0.0229s ]
SQL: SHOW COLUMNS FROM `ysk_user` [ RunTime:0.0244s ]
SQL: SELECT `status`,`session_id` FROM `ysk_user` WHERE `userid` = 8820 LIMIT 1   [ RunTime:0.0151s ]
SQL: SHOW COLUMNS FROM `ysk_banner` [ RunTime:0.0147s ]
SQL: SELECT * FROM `ysk_banner` ORDER BY sort  [ RunTime:0.0138s ]
SQL: SELECT `img_head`,`userid`,`username`,`user_credit`,`is_reward`,`today_releas`,`quanxian`,`use_grade`,`releas_time`,`is_degraded`,`is_auto` FROM `ysk_user` WHERE `userid` = 8820 LIMIT 1   [ RunTime:0.0234s ]
NOTIC: [2] getimagesize(./Public/home/wap/heads/5c064b81ac9b8.jpg): failed to open stream: No such file or directory D:\mikey\shop\Home\Controller\IndexController.class.php 第 43 行.
SQL: SHOW COLUMNS FROM `ysk_store` [ RunTime:0.0204s ]
SQL: SELECT `cangku_num`,`fengmi_num` FROM `ysk_store` WHERE `uid` = 8820 LIMIT 1   [ RunTime:0.0147s ]
SQL: SHOW COLUMNS FROM `ysk_user_award_execute` [ RunTime:0.0169s ]
SQL: SELECT `id`,`scores`,`get_type`,`is_release`,`is_success`,`origin_id`,`award_id` FROM `ysk_user_award_execute` WHERE `user_id` = 8820 AND `is_success` = 1 AND `create_time` >= '2018-12-10 18:23:43' LIMIT 8   [ RunTime:0.0156s ]
INFO: [ view_parse ] --START--
INFO: [ template_filter ] --START--
INFO: Run Behavior\ContentReplaceBehavior [ RunTime:0.000679s ]
INFO: Run Behavior\TokenBuildBehavior [ RunTime:0.000845s ]
INFO: [ template_filter ] --END-- [ RunTime:0.001701s ]
NOTIC: [8] Undefined index: m D:\mikey\ThinkPHP\Common\functions.php 第 977 行.
NOTIC: [8] Undefined index: m D:\mikey\ThinkPHP\Common\functions.php 第 977 行.
NOTIC: [8] Undefined index: m D:\mikey\ThinkPHP\Common\functions.php 第 977 行.
NOTIC: [8] Undefined index: m D:\mikey\ThinkPHP\Common\functions.php 第 977 行.
NOTIC: [8] Undefined index: m D:\mikey\ThinkPHP\Common\functions.php 第 977 行.
NOTIC: [8] Undefined index: m D:\mikey\ThinkPHP\Common\functions.php 第 977 行.
NOTIC: [8] Undefined index: m D:\mikey\ThinkPHP\Common\functions.php 第 977 行.
NOTIC: [8] Undefined index: m D:\mikey\ThinkPHP\Common\functions.php 第 977 行.
NOTIC: [8] Undefined index: m D:\mikey\ThinkPHP\Common\functions.php 第 977 行.
NOTIC: [8] Undefined index: m D:\mikey\ThinkPHP\Common\functions.php 第 977 行.
NOTIC: [8] Undefined index: m D:\mikey\ThinkPHP\Common\functions.php 第 977 行.
NOTIC: [8] Undefined index: m D:\mikey\ThinkPHP\Common\functions.php 第 977 行.
INFO: Run Behavior\ParseTemplateBehavior [ RunTime:0.026705s ]
INFO: [ view_parse ] --END-- [ RunTime:0.026805s ]
INFO: [ view_filter ] --START--
INFO: Run Behavior\WriteHtmlCacheBehavior [ RunTime:0.000485s ]
INFO: [ view_filter ] --END-- [ RunTime:0.000556s ]
INFO: [ app_end ] --START--
INFO: Run Behavior\ShowPageTraceBehavior [ RunTime:0.000925s ]
INFO: [ app_end ] --END-- [ RunTime:0.001054s ]

[ 2018-12-11T18:23:43+08:00 ] 127.0.0.1 /Index/pdajax
INFO: [ app_init ] --START--
INFO: Run Behavior\BuildLiteBehavior [ RunTime:0.000016s ]
INFO: [ app_init ] --END-- [ RunTime:0.000084s ]
INFO: [ app_begin ] --START--
INFO: Run Behavior\ReadHtmlCacheBehavior [ RunTime:0.000539s ]
INFO: Run Common\Behavior\CheckLangBehavior [ RunTime:0.002432s ]
INFO: [ app_begin ] --END-- [ RunTime:0.003072s ]
SQL: SHOW COLUMNS FROM `ysk_config` [ RunTime:0.0143s ]
SQL: SELECT `value`,`tip`,`options` FROM `ysk_config` WHERE `name` = 'TOGGLE_WEB_SITE' LIMIT 1   [ RunTime:0.0125s ]
SQL: SHOW COLUMNS FROM `ysk_user` [ RunTime:0.0143s ]
SQL: SHOW COLUMNS FROM `ysk_user` [ RunTime:0.0139s ]
SQL: SELECT `status`,`session_id` FROM `ysk_user` WHERE `userid` = 8820 LIMIT 1   [ RunTime:0.0130s ]
SQL: SHOW COLUMNS FROM `ysk_news` [ RunTime:0.0148s ]
SQL: SELECT * FROM `ysk_news` WHERE ( create_time>=1544457600 ) ORDER BY id desc  [ RunTime:0.0132s ]
INFO: [ app_end ] --START--
INFO: Run Behavior\ShowPageTraceBehavior [ RunTime:0.000849s ]
INFO: [ app_end ] --END-- [ RunTime:0.000906s ]

[ 2018-12-11T18:26:31+08:00 ] 127.0.0.1 /Index/Lang
INFO: [ app_init ] --START--
INFO: Run Behavior\BuildLiteBehavior [ RunTime:0.000014s ]
INFO: [ app_init ] --END-- [ RunTime:0.000098s ]
INFO: [ app_begin ] --START--
INFO: Run Behavior\ReadHtmlCacheBehavior [ RunTime:0.000648s ]
INFO: Run Common\Behavior\CheckLangBehavior [ RunTime:0.002852s ]
INFO: [ app_begin ] --END-- [ RunTime:0.003598s ]
SQL: SHOW COLUMNS FROM `ysk_config` [ RunTime:0.0147s ]
SQL: SELECT `value`,`tip`,`options` FROM `ysk_config` WHERE `name` = 'TOGGLE_WEB_SITE' LIMIT 1   [ RunTime:0.0139s ]
SQL: SHOW COLUMNS FROM `ysk_user` [ RunTime:0.0161s ]
SQL: SHOW COLUMNS FROM `ysk_user` [ RunTime:0.0159s ]
SQL: SELECT `status`,`session_id` FROM `ysk_user` WHERE `userid` = 8820 LIMIT 1   [ RunTime:0.0141s ]

[ 2018-12-11T18:26:31+08:00 ] 127.0.0.1 /Index/index.html?l=zh-cn
INFO: [ app_init ] --START--
INFO: Run Behavior\BuildLiteBehavior [ RunTime:0.000014s ]
INFO: [ app_init ] --END-- [ RunTime:0.000075s ]
INFO: [ app_begin ] --START--
INFO: Run Behavior\ReadHtmlCacheBehavior [ RunTime:0.000527s ]
INFO: Run Common\Behavior\CheckLangBehavior [ RunTime:0.002527s ]
INFO: [ app_begin ] --END-- [ RunTime:0.003155s ]
SQL: SHOW COLUMNS FROM `ysk_config` [ RunTime:0.0150s ]
SQL: SELECT `value`,`tip`,`options` FROM `ysk_config` WHERE `name` = 'TOGGLE_WEB_SITE' LIMIT 1   [ RunTime:0.0144s ]
SQL: SHOW COLUMNS FROM `ysk_user` [ RunTime:0.0155s ]
SQL: SHOW COLUMNS FROM `ysk_user` [ RunTime:0.0151s ]
SQL: SELECT `status`,`session_id` FROM `ysk_user` WHERE `userid` = 8820 LIMIT 1   [ RunTime:0.0138s ]
SQL: SHOW COLUMNS FROM `ysk_banner` [ RunTime:0.0145s ]
SQL: SELECT * FROM `ysk_banner` ORDER BY sort  [ RunTime:0.0137s ]
SQL: SELECT `img_head`,`userid`,`username`,`user_credit`,`is_reward`,`today_releas`,`quanxian`,`use_grade`,`releas_time`,`is_degraded`,`is_auto` FROM `ysk_user` WHERE `userid` = 8820 LIMIT 1   [ RunTime:0.0143s ]
NOTIC: [2] getimagesize(./Public/home/wap/heads/5c064b81ac9b8.jpg): failed to open stream: No such file or directory D:\mikey\shop\Home\Controller\IndexController.class.php 第 43 行.
SQL: SHOW COLUMNS FROM `ysk_store` [ RunTime:0.0143s ]
SQL: SELECT `cangku_num`,`fengmi_num` FROM `ysk_store` WHERE `uid` = 8820 LIMIT 1   [ RunTime:0.0138s ]
SQL: SHOW COLUMNS FROM `ysk_user_award_execute` [ RunTime:0.0145s ]
SQL: SELECT `id`,`scores`,`get_type`,`is_release`,`is_success`,`origin_id`,`award_id` FROM `ysk_user_award_execute` WHERE `user_id` = 8820 AND `is_success` = 1 AND `create_time` >= '2018-12-10 18:26:31' LIMIT 8   [ RunTime:0.0183s ]
INFO: [ view_parse ] --START--
INFO: [ template_filter ] --START--
INFO: Run Behavior\ContentReplaceBehavior [ RunTime:0.000397s ]
INFO: Run Behavior\TokenBuildBehavior [ RunTime:0.000776s ]
INFO: [ template_filter ] --END-- [ RunTime:0.001275s ]
NOTIC: [8] Undefined index: m D:\mikey\ThinkPHP\Common\functions.php 第 977 行.
NOTIC: [8] Undefined index: m D:\mikey\ThinkPHP\Common\functions.php 第 977 行.
NOTIC: [8] Undefined index: m D:\mikey\ThinkPHP\Common\functions.php 第 977 行.
NOTIC: [8] Undefined index: m D:\mikey\ThinkPHP\Common\functions.php 第 977 行.
NOTIC: [8] Undefined index: m D:\mikey\ThinkPHP\Common\functions.php 第 977 行.
NOTIC: [8] Undefined index: m D:\mikey\ThinkPHP\Common\functions.php 第 977 行.
NOTIC: [8] Undefined index: m D:\mikey\ThinkPHP\Common\functions.php 第 977 行.
NOTIC: [8] Undefined index: m D:\mikey\ThinkPHP\Common\functions.php 第 977 行.
NOTIC: [8] Undefined index: m D:\mikey\ThinkPHP\Common\functions.php 第 977 行.
NOTIC: [8] Undefined index: m D:\mikey\ThinkPHP\Common\functions.php 第 977 行.
NOTIC: [8] Undefined index: m D:\mikey\ThinkPHP\Common\functions.php 第 977 行.
NOTIC: [8] Undefined index: m D:\mikey\ThinkPHP\Common\functions.php 第 977 行.
INFO: Run Behavior\ParseTemplateBehavior [ RunTime:0.042622s ]
INFO: [ view_parse ] --END-- [ RunTime:0.042682s ]
INFO: [ view_filter ] --START--
INFO: Run Behavior\WriteHtmlCacheBehavior [ RunTime:0.000467s ]
INFO: [ view_filter ] --END-- [ RunTime:0.000512s ]
INFO: [ app_end ] --START--
INFO: Run Behavior\ShowPageTraceBehavior [ RunTime:0.001000s ]
INFO: [ app_end ] --END-- [ RunTime:0.001090s ]

[ 2018-12-11T18:26:31+08:00 ] 127.0.0.1 /Index/pdajax
INFO: [ app_init ] --START--
INFO: Run Behavior\BuildLiteBehavior [ RunTime:0.000014s ]
INFO: [ app_init ] --END-- [ RunTime:0.000072s ]
INFO: [ app_begin ] --START--
INFO: Run Behavior\ReadHtmlCacheBehavior [ RunTime:0.000535s ]
INFO: Run Common\Behavior\CheckLangBehavior [ RunTime:0.002450s ]
INFO: [ app_begin ] --END-- [ RunTime:0.003106s ]
SQL: SHOW COLUMNS FROM `ysk_config` [ RunTime:0.0146s ]
SQL: SELECT `value`,`tip`,`options` FROM `ysk_config` WHERE `name` = 'TOGGLE_WEB_SITE' LIMIT 1   [ RunTime:0.0143s ]
SQL: SHOW COLUMNS FROM `ysk_user` [ RunTime:0.0165s ]
SQL: SHOW COLUMNS FROM `ysk_user` [ RunTime:0.0158s ]
SQL: SELECT `status`,`session_id` FROM `ysk_user` WHERE `userid` = 8820 LIMIT 1   [ RunTime:0.0141s ]
SQL: SHOW COLUMNS FROM `ysk_news` [ RunTime:0.0161s ]
SQL: SELECT * FROM `ysk_news` WHERE ( create_time>=1544457600 ) ORDER BY id desc  [ RunTime:0.0145s ]
INFO: [ app_end ] --START--
INFO: Run Behavior\ShowPageTraceBehavior [ RunTime:0.000787s ]
INFO: [ app_end ] --END-- [ RunTime:0.000855s ]

[ 2018-12-11T18:50:00+08:00 ] 127.0.0.1 /Index/index.html?l=zh-cn
INFO: [ app_init ] --START--
INFO: Run Behavior\BuildLiteBehavior [ RunTime:0.000015s ]
INFO: [ app_init ] --END-- [ RunTime:0.000076s ]
INFO: [ app_begin ] --START--
INFO: Run Behavior\ReadHtmlCacheBehavior [ RunTime:0.001015s ]
INFO: Run Common\Behavior\CheckLangBehavior [ RunTime:0.003368s ]
INFO: [ app_begin ] --END-- [ RunTime:0.004481s ]
SQL: SHOW COLUMNS FROM `ysk_config` [ RunTime:0.0153s ]
SQL: SELECT `value`,`tip`,`options` FROM `ysk_config` WHERE `name` = 'TOGGLE_WEB_SITE' LIMIT 1   [ RunTime:0.0148s ]
SQL: SHOW COLUMNS FROM `ysk_user` [ RunTime:0.0166s ]
SQL: SHOW COLUMNS FROM `ysk_user` [ RunTime:0.0164s ]
SQL: SELECT `status`,`session_id` FROM `ysk_user` WHERE `userid` = 8820 LIMIT 1   [ RunTime:0.0152s ]
SQL: SHOW COLUMNS FROM `ysk_banner` [ RunTime:0.0160s ]
SQL: SELECT * FROM `ysk_banner` ORDER BY sort  [ RunTime:0.0149s ]
SQL: SELECT `img_head`,`userid`,`username`,`user_credit`,`is_reward`,`today_releas`,`quanxian`,`use_grade`,`releas_time`,`is_degraded`,`is_auto` FROM `ysk_user` WHERE `userid` = 8820 LIMIT 1   [ RunTime:0.0155s ]
NOTIC: [2] getimagesize(./Public/home/wap/heads/5c064b81ac9b8.jpg): failed to open stream: No such file or directory D:\mikey\shop\Home\Controller\IndexController.class.php 第 43 行.
SQL: SHOW COLUMNS FROM `ysk_store` [ RunTime:0.0155s ]
SQL: SELECT `cangku_num`,`fengmi_num` FROM `ysk_store` WHERE `uid` = 8820 LIMIT 1   [ RunTime:0.0147s ]
SQL: SHOW COLUMNS FROM `ysk_user_award_execute` [ RunTime:0.0155s ]
SQL: SELECT `id`,`scores`,`get_type`,`is_release`,`is_success`,`origin_id`,`award_id` FROM `ysk_user_award_execute` WHERE `user_id` = 8820 AND `is_success` = 1 AND `create_time` >= '2018-12-10 18:50:00' LIMIT 8   [ RunTime:0.0182s ]
INFO: [ view_parse ] --START--
INFO: [ template_filter ] --START--
INFO: Run Behavior\ContentReplaceBehavior [ RunTime:0.000387s ]
INFO: Run Behavior\TokenBuildBehavior [ RunTime:0.001053s ]
INFO: [ template_filter ] --END-- [ RunTime:0.001536s ]
NOTIC: [8] Undefined index: use_grade_name D:\mikey\shop\Runtime\Cache\Home\517da85fa85c61e0150f26278cd22254.php 第 73 行.
NOTIC: [8] Undefined index: m D:\mikey\ThinkPHP\Common\functions.php 第 977 行.
NOTIC: [8] Undefined index: m D:\mikey\ThinkPHP\Common\functions.php 第 977 行.
NOTIC: [8] Undefined index: m D:\mikey\ThinkPHP\Common\functions.php 第 977 行.
NOTIC: [8] Undefined index: m D:\mikey\ThinkPHP\Common\functions.php 第 977 行.
NOTIC: [8] Undefined index: m D:\mikey\ThinkPHP\Common\functions.php 第 977 行.
NOTIC: [8] Undefined index: m D:\mikey\ThinkPHP\Common\functions.php 第 977 行.
NOTIC: [8] Undefined index: m D:\mikey\ThinkPHP\Common\functions.php 第 977 行.
NOTIC: [8] Undefined index: m D:\mikey\ThinkPHP\Common\functions.php 第 977 行.
NOTIC: [8] Undefined index: m D:\mikey\ThinkPHP\Common\functions.php 第 977 行.
NOTIC: [8] Undefined index: m D:\mikey\ThinkPHP\Common\functions.php 第 977 行.
NOTIC: [8] Undefined index: m D:\mikey\ThinkPHP\Common\functions.php 第 977 行.
NOTIC: [8] Undefined index: m D:\mikey\ThinkPHP\Common\functions.php 第 977 行.
INFO: Run Behavior\ParseTemplateBehavior [ RunTime:0.042561s ]
INFO: [ view_parse ] --END-- [ RunTime:0.042617s ]
INFO: [ view_filter ] --START--
INFO: Run Behavior\WriteHtmlCacheBehavior [ RunTime:0.000823s ]
INFO: [ view_filter ] --END-- [ RunTime:0.000873s ]
INFO: [ app_end ] --START--
INFO: Run Behavior\ShowPageTraceBehavior [ RunTime:0.001358s ]
INFO: [ app_end ] --END-- [ RunTime:0.001424s ]

[ 2018-12-11T18:50:01+08:00 ] 127.0.0.1 /Index/pdajax
INFO: [ app_init ] --START--
INFO: Run Behavior\BuildLiteBehavior [ RunTime:0.000016s ]
INFO: [ app_init ] --END-- [ RunTime:0.000083s ]
INFO: [ app_begin ] --START--
INFO: Run Behavior\ReadHtmlCacheBehavior [ RunTime:0.001098s ]
INFO: Run Common\Behavior\CheckLangBehavior [ RunTime:0.003570s ]
INFO: [ app_begin ] --END-- [ RunTime:0.004774s ]
SQL: SHOW COLUMNS FROM `ysk_config` [ RunTime:0.0144s ]
SQL: SELECT `value`,`tip`,`options` FROM `ysk_config` WHERE `name` = 'TOGGLE_WEB_SITE' LIMIT 1   [ RunTime:0.0138s ]
SQL: SHOW COLUMNS FROM `ysk_user` [ RunTime:0.0149s ]
SQL: SHOW COLUMNS FROM `ysk_user` [ RunTime:0.0145s ]
SQL: SELECT `status`,`session_id` FROM `ysk_user` WHERE `userid` = 8820 LIMIT 1   [ RunTime:0.0135s ]
SQL: SHOW COLUMNS FROM `ysk_news` [ RunTime:0.0139s ]
SQL: SELECT * FROM `ysk_news` WHERE ( create_time>=1544457600 ) ORDER BY id desc  [ RunTime:0.0135s ]
INFO: [ app_end ] --START--
INFO: Run Behavior\ShowPageTraceBehavior [ RunTime:0.001259s ]
INFO: [ app_end ] --END-- [ RunTime:0.001311s ]

[ 2018-12-11T18:50:13+08:00 ] 127.0.0.1 /Index/Lang
INFO: [ app_init ] --START--
INFO: Run Behavior\BuildLiteBehavior [ RunTime:0.000016s ]
INFO: [ app_init ] --END-- [ RunTime:0.000078s ]
INFO: [ app_begin ] --START--
INFO: Run Behavior\ReadHtmlCacheBehavior [ RunTime:0.001041s ]
INFO: Run Common\Behavior\CheckLangBehavior [ RunTime:0.003394s ]
INFO: [ app_begin ] --END-- [ RunTime:0.004527s ]
SQL: SHOW COLUMNS FROM `ysk_config` [ RunTime:0.0149s ]
SQL: SELECT `value`,`tip`,`options` FROM `ysk_config` WHERE `name` = 'TOGGLE_WEB_SITE' LIMIT 1   [ RunTime:0.0133s ]
SQL: SHOW COLUMNS FROM `ysk_user` [ RunTime:0.0159s ]
SQL: SHOW COLUMNS FROM `ysk_user` [ RunTime:0.0155s ]
SQL: SELECT `status`,`session_id` FROM `ysk_user` WHERE `userid` = 8820 LIMIT 1   [ RunTime:0.0136s ]

[ 2018-12-11T18:50:13+08:00 ] 127.0.0.1 /Index/index.html?l=en-us
INFO: [ app_init ] --START--
INFO: Run Behavior\BuildLiteBehavior [ RunTime:0.000014s ]
INFO: [ app_init ] --END-- [ RunTime:0.000076s ]
INFO: [ app_begin ] --START--
INFO: Run Behavior\ReadHtmlCacheBehavior [ RunTime:0.001032s ]
INFO: Run Common\Behavior\CheckLangBehavior [ RunTime:0.002936s ]
INFO: [ app_begin ] --END-- [ RunTime:0.004070s ]
SQL: SHOW COLUMNS FROM `ysk_config` [ RunTime:0.0155s ]
SQL: SELECT `value`,`tip`,`options` FROM `ysk_config` WHERE `name` = 'TOGGLE_WEB_SITE' LIMIT 1   [ RunTime:0.0147s ]
SQL: SHOW COLUMNS FROM `ysk_user` [ RunTime:0.0168s ]
SQL: SHOW COLUMNS FROM `ysk_user` [ RunTime:0.0197s ]
SQL: SELECT `status`,`session_id` FROM `ysk_user` WHERE `userid` = 8820 LIMIT 1   [ RunTime:0.0146s ]
SQL: SHOW COLUMNS FROM `ysk_banner` [ RunTime:0.0152s ]
SQL: SELECT * FROM `ysk_banner` ORDER BY sort  [ RunTime:0.0149s ]
SQL: SELECT `img_head`,`userid`,`username`,`user_credit`,`is_reward`,`today_releas`,`quanxian`,`use_grade`,`releas_time`,`is_degraded`,`is_auto` FROM `ysk_user` WHERE `userid` = 8820 LIMIT 1   [ RunTime:0.0146s ]
NOTIC: [2] getimagesize(./Public/home/wap/heads/5c064b81ac9b8.jpg): failed to open stream: No such file or directory D:\mikey\shop\Home\Controller\IndexController.class.php 第 43 行.
SQL: SHOW COLUMNS FROM `ysk_store` [ RunTime:0.0152s ]
SQL: SELECT `cangku_num`,`fengmi_num` FROM `ysk_store` WHERE `uid` = 8820 LIMIT 1   [ RunTime:0.0143s ]
SQL: SHOW COLUMNS FROM `ysk_user_award_execute` [ RunTime:0.0151s ]
SQL: SELECT `id`,`scores`,`get_type`,`is_release`,`is_success`,`origin_id`,`award_id` FROM `ysk_user_award_execute` WHERE `user_id` = 8820 AND `is_success` = 1 AND `create_time` >= '2018-12-10 18:50:13' LIMIT 8   [ RunTime:0.0169s ]
INFO: [ view_parse ] --START--
INFO: [ template_filter ] --START--
INFO: Run Behavior\ContentReplaceBehavior [ RunTime:0.000382s ]
INFO: Run Behavior\TokenBuildBehavior [ RunTime:0.000951s ]
INFO: [ template_filter ] --END-- [ RunTime:0.001424s ]
NOTIC: [8] Undefined index: use_grade_name D:\mikey\shop\Runtime\Cache\Home\517da85fa85c61e0150f26278cd22254.php 第 73 行.
NOTIC: [8] Undefined index: m D:\mikey\ThinkPHP\Common\functions.php 第 977 行.
NOTIC: [8] Undefined index: m D:\mikey\ThinkPHP\Common\functions.php 第 977 行.
NOTIC: [8] Undefined index: m D:\mikey\ThinkPHP\Common\functions.php 第 977 行.
NOTIC: [8] Undefined index: m D:\mikey\ThinkPHP\Common\functions.php 第 977 行.
NOTIC: [8] Undefined index: m D:\mikey\ThinkPHP\Common\functions.php 第 977 行.
NOTIC: [8] Undefined index: m D:\mikey\ThinkPHP\Common\functions.php 第 977 行.
NOTIC: [8] Undefined index: m D:\mikey\ThinkPHP\Common\functions.php 第 977 行.
NOTIC: [8] Undefined index: m D:\mikey\ThinkPHP\Common\functions.php 第 977 行.
NOTIC: [8] Undefined index: m D:\mikey\ThinkPHP\Common\functions.php 第 977 行.
NOTIC: [8] Undefined index: m D:\mikey\ThinkPHP\Common\functions.php 第 977 行.
NOTIC: [8] Undefined index: m D:\mikey\ThinkPHP\Common\functions.php 第 977 行.
NOTIC: [8] Undefined index: m D:\mikey\ThinkPHP\Common\functions.php 第 977 行.
INFO: Run Behavior\ParseTemplateBehavior [ RunTime:0.032173s ]
INFO: [ view_parse ] --END-- [ RunTime:0.032249s ]
INFO: [ view_filter ] --START--
INFO: Run Behavior\WriteHtmlCacheBehavior [ RunTime:0.000837s ]
INFO: [ view_filter ] --END-- [ RunTime:0.000884s ]
INFO: [ app_end ] --START--
INFO: Run Behavior\ShowPageTraceBehavior [ RunTime:0.002064s ]
INFO: [ app_end ] --END-- [ RunTime:0.002166s ]

[ 2018-12-11T18:50:14+08:00 ] 127.0.0.1 /Index/pdajax
INFO: [ app_init ] --START--
INFO: Run Behavior\BuildLiteBehavior [ RunTime:0.000023s ]
INFO: [ app_init ] --END-- [ RunTime:0.000117s ]
INFO: [ app_begin ] --START--
INFO: Run Behavior\ReadHtmlCacheBehavior [ RunTime:0.001453s ]
INFO: Run Common\Behavior\CheckLangBehavior [ RunTime:0.003232s ]
INFO: [ app_begin ] --END-- [ RunTime:0.004816s ]
SQL: SHOW COLUMNS FROM `ysk_config` [ RunTime:0.0150s ]
SQL: SELECT `value`,`tip`,`options` FROM `ysk_config` WHERE `name` = 'TOGGLE_WEB_SITE' LIMIT 1   [ RunTime:0.0136s ]
SQL: SHOW COLUMNS FROM `ysk_user` [ RunTime:0.0161s ]
SQL: SHOW COLUMNS FROM `ysk_user` [ RunTime:0.0148s ]
SQL: SELECT `status`,`session_id` FROM `ysk_user` WHERE `userid` = 8820 LIMIT 1   [ RunTime:0.0133s ]
SQL: SHOW COLUMNS FROM `ysk_news` [ RunTime:0.0145s ]
SQL: SELECT * FROM `ysk_news` WHERE ( create_time>=1544457600 ) ORDER BY id desc  [ RunTime:0.0143s ]
INFO: [ app_end ] --START--
INFO: Run Behavior\ShowPageTraceBehavior [ RunTime:0.001287s ]
INFO: [ app_end ] --END-- [ RunTime:0.001340s ]

[ 2018-12-11T18:50:16+08:00 ] 127.0.0.1 /Index/Lang
INFO: [ app_init ] --START--
INFO: Run Behavior\BuildLiteBehavior [ RunTime:0.000014s ]
INFO: [ app_init ] --END-- [ RunTime:0.000073s ]
INFO: [ app_begin ] --START--
INFO: Run Behavior\ReadHtmlCacheBehavior [ RunTime:0.001200s ]
INFO: Run Common\Behavior\CheckLangBehavior [ RunTime:0.002969s ]
INFO: [ app_begin ] --END-- [ RunTime:0.004262s ]
SQL: SHOW COLUMNS FROM `ysk_config` [ RunTime:0.0145s ]
SQL: SELECT `value`,`tip`,`options` FROM `ysk_config` WHERE `name` = 'TOGGLE_WEB_SITE' LIMIT 1   [ RunTime:0.0139s ]
SQL: SHOW COLUMNS FROM `ysk_user` [ RunTime:0.0158s ]
SQL: SHOW COLUMNS FROM `ysk_user` [ RunTime:0.0155s ]
SQL: SELECT `status`,`session_id` FROM `ysk_user` WHERE `userid` = 8820 LIMIT 1   [ RunTime:0.0135s ]

[ 2018-12-11T18:50:17+08:00 ] 127.0.0.1 /Index/index.html?l=zh-cn
INFO: [ app_init ] --START--
INFO: Run Behavior\BuildLiteBehavior [ RunTime:0.000014s ]
INFO: [ app_init ] --END-- [ RunTime:0.000075s ]
INFO: [ app_begin ] --START--
INFO: Run Behavior\ReadHtmlCacheBehavior [ RunTime:0.001196s ]
INFO: Run Common\Behavior\CheckLangBehavior [ RunTime:0.003469s ]
INFO: [ app_begin ] --END-- [ RunTime:0.004768s ]
SQL: SHOW COLUMNS FROM `ysk_config` [ RunTime:0.0154s ]
SQL: SELECT `value`,`tip`,`options` FROM `ysk_config` WHERE `name` = 'TOGGLE_WEB_SITE' LIMIT 1   [ RunTime:0.0143s ]
SQL: SHOW COLUMNS FROM `ysk_user` [ RunTime:0.0151s ]
SQL: SHOW COLUMNS FROM `ysk_user` [ RunTime:0.0161s ]
SQL: SELECT `status`,`session_id` FROM `ysk_user` WHERE `userid` = 8820 LIMIT 1   [ RunTime:0.0144s ]
SQL: SHOW COLUMNS FROM `ysk_banner` [ RunTime:0.0150s ]
SQL: SELECT * FROM `ysk_banner` ORDER BY sort  [ RunTime:0.0142s ]
SQL: SELECT `img_head`,`userid`,`username`,`user_credit`,`is_reward`,`today_releas`,`quanxian`,`use_grade`,`releas_time`,`is_degraded`,`is_auto` FROM `ysk_user` WHERE `userid` = 8820 LIMIT 1   [ RunTime:0.0147s ]
NOTIC: [2] getimagesize(./Public/home/wap/heads/5c064b81ac9b8.jpg): failed to open stream: No such file or directory D:\mikey\shop\Home\Controller\IndexController.class.php 第 43 行.
SQL: SHOW COLUMNS FROM `ysk_store` [ RunTime:0.0144s ]
SQL: SELECT `cangku_num`,`fengmi_num` FROM `ysk_store` WHERE `uid` = 8820 LIMIT 1   [ RunTime:0.0144s ]
SQL: SHOW COLUMNS FROM `ysk_user_award_execute` [ RunTime:0.0149s ]
SQL: SELECT `id`,`scores`,`get_type`,`is_release`,`is_success`,`origin_id`,`award_id` FROM `ysk_user_award_execute` WHERE `user_id` = 8820 AND `is_success` = 1 AND `create_time` >= '2018-12-10 18:50:17' LIMIT 8   [ RunTime:0.0172s ]
INFO: [ view_parse ] --START--
INFO: [ template_filter ] --START--
INFO: Run Behavior\ContentReplaceBehavior [ RunTime:0.000382s ]
INFO: Run Behavior\TokenBuildBehavior [ RunTime:0.001215s ]
INFO: [ template_filter ] --END-- [ RunTime:0.001696s ]
NOTIC: [8] Undefined index: use_grade_name D:\mikey\shop\Runtime\Cache\Home\517da85fa85c61e0150f26278cd22254.php 第 73 行.
NOTIC: [8] Undefined index: m D:\mikey\ThinkPHP\Common\functions.php 第 977 行.
NOTIC: [8] Undefined index: m D:\mikey\ThinkPHP\Common\functions.php 第 977 行.
NOTIC: [8] Undefined index: m D:\mikey\ThinkPHP\Common\functions.php 第 977 行.
NOTIC: [8] Undefined index: m D:\mikey\ThinkPHP\Common\functions.php 第 977 行.
NOTIC: [8] Undefined index: m D:\mikey\ThinkPHP\Common\functions.php 第 977 行.
NOTIC: [8] Undefined index: m D:\mikey\ThinkPHP\Common\functions.php 第 977 行.
NOTIC: [8] Undefined index: m D:\mikey\ThinkPHP\Common\functions.php 第 977 行.
NOTIC: [8] Undefined index: m D:\mikey\ThinkPHP\Common\functions.php 第 977 行.
NOTIC: [8] Undefined index: m D:\mikey\ThinkPHP\Common\functions.php 第 977 行.
NOTIC: [8] Undefined index: m D:\mikey\ThinkPHP\Common\functions.php 第 977 行.
NOTIC: [8] Undefined index: m D:\mikey\ThinkPHP\Common\functions.php 第 977 行.
NOTIC: [8] Undefined index: m D:\mikey\ThinkPHP\Common\functions.php 第 977 行.
INFO: Run Behavior\ParseTemplateBehavior [ RunTime:0.045503s ]
INFO: [ view_parse ] --END-- [ RunTime:0.045560s ]
INFO: [ view_filter ] --START--
INFO: Run Behavior\WriteHtmlCacheBehavior [ RunTime:0.000987s ]
INFO: [ view_filter ] --END-- [ RunTime:0.001035s ]
INFO: [ app_end ] --START--
INFO: Run Behavior\ShowPageTraceBehavior [ RunTime:0.001905s ]
INFO: [ app_end ] --END-- [ RunTime:0.002010s ]

[ 2018-12-11T18:50:17+08:00 ] 127.0.0.1 /Index/pdajax
INFO: [ app_init ] --START--
INFO: Run Behavior\BuildLiteBehavior [ RunTime:0.000016s ]
INFO: [ app_init ] --END-- [ RunTime:0.000079s ]
INFO: [ app_begin ] --START--
INFO: Run Behavior\ReadHtmlCacheBehavior [ RunTime:0.001273s ]
INFO: Run Common\Behavior\CheckLangBehavior [ RunTime:0.003517s ]
INFO: [ app_begin ] --END-- [ RunTime:0.004898s ]
SQL: SHOW COLUMNS FROM `ysk_config` [ RunTime:0.0155s ]
SQL: SELECT `value`,`tip`,`options` FROM `ysk_config` WHERE `name` = 'TOGGLE_WEB_SITE' LIMIT 1   [ RunTime:0.0147s ]
SQL: SHOW COLUMNS FROM `ysk_user` [ RunTime:0.0165s ]
SQL: SHOW COLUMNS FROM `ysk_user` [ RunTime:0.0165s ]
SQL: SELECT `status`,`session_id` FROM `ysk_user` WHERE `userid` = 8820 LIMIT 1   [ RunTime:0.0151s ]
SQL: SHOW COLUMNS FROM `ysk_news` [ RunTime:0.0155s ]
SQL: SELECT * FROM `ysk_news` WHERE ( create_time>=1544457600 ) ORDER BY id desc  [ RunTime:0.0150s ]
INFO: [ app_end ] --START--
INFO: Run Behavior\ShowPageTraceBehavior [ RunTime:0.002593s ]
INFO: [ app_end ] --END-- [ RunTime:0.002696s ]

[ 2018-12-11T18:50:24+08:00 ] 127.0.0.1 /Index/index.html?l=zh-cn
INFO: [ app_init ] --START--
INFO: Run Behavior\BuildLiteBehavior [ RunTime:0.000013s ]
INFO: [ app_init ] --END-- [ RunTime:0.000067s ]
INFO: [ app_begin ] --START--
INFO: Run Behavior\ReadHtmlCacheBehavior [ RunTime:0.000762s ]
INFO: Run Common\Behavior\CheckLangBehavior [ RunTime:0.002581s ]
INFO: [ app_begin ] --END-- [ RunTime:0.003440s ]
SQL: SHOW COLUMNS FROM `ysk_config` [ RunTime:0.0151s ]
SQL: SELECT `value`,`tip`,`options` FROM `ysk_config` WHERE `name` = 'TOGGLE_WEB_SITE' LIMIT 1   [ RunTime:0.0133s ]
SQL: SHOW COLUMNS FROM `ysk_user` [ RunTime:0.0163s ]
SQL: SHOW COLUMNS FROM `ysk_user` [ RunTime:0.0162s ]
SQL: SELECT `status`,`session_id` FROM `ysk_user` WHERE `userid` = 8820 LIMIT 1   [ RunTime:0.0139s ]
SQL: SHOW COLUMNS FROM `ysk_banner` [ RunTime:0.0149s ]
SQL: SELECT * FROM `ysk_banner` ORDER BY sort  [ RunTime:0.0139s ]
SQL: SELECT `img_head`,`userid`,`username`,`user_credit`,`is_reward`,`today_releas`,`quanxian`,`use_grade`,`releas_time`,`is_degraded`,`is_auto` FROM `ysk_user` WHERE `userid` = 8820 LIMIT 1   [ RunTime:0.0142s ]
NOTIC: [2] getimagesize(./Public/home/wap/heads/5c064b81ac9b8.jpg): failed to open stream: No such file or directory D:\mikey\shop\Home\Controller\IndexController.class.php 第 43 行.
SQL: SHOW COLUMNS FROM `ysk_store` [ RunTime:0.0140s ]
SQL: SELECT `cangku_num`,`fengmi_num` FROM `ysk_store` WHERE `uid` = 8820 LIMIT 1   [ RunTime:0.0141s ]
SQL: SHOW COLUMNS FROM `ysk_user_award_execute` [ RunTime:0.0140s ]
SQL: SELECT `id`,`scores`,`get_type`,`is_release`,`is_success`,`origin_id`,`award_id` FROM `ysk_user_award_execute` WHERE `user_id` = 8820 AND `is_success` = 1 AND `create_time` >= '2018-12-10 18:50:24' LIMIT 8   [ RunTime:0.0166s ]
INFO: [ view_parse ] --START--
INFO: [ template_filter ] --START--
INFO: Run Behavior\ContentReplaceBehavior [ RunTime:0.000718s ]
INFO: Run Behavior\TokenBuildBehavior [ RunTime:0.001526s ]
INFO: [ template_filter ] --END-- [ RunTime:0.002414s ]
NOTIC: [8] Undefined index: m D:\mikey\ThinkPHP\Common\functions.php 第 977 行.
NOTIC: [8] Undefined index: m D:\mikey\ThinkPHP\Common\functions.php 第 977 行.
NOTIC: [8] Undefined index: m D:\mikey\ThinkPHP\Common\functions.php 第 977 行.
NOTIC: [8] Undefined index: m D:\mikey\ThinkPHP\Common\functions.php 第 977 行.
NOTIC: [8] Undefined index: m D:\mikey\ThinkPHP\Common\functions.php 第 977 行.
NOTIC: [8] Undefined index: m D:\mikey\ThinkPHP\Common\functions.php 第 977 行.
NOTIC: [8] Undefined index: m D:\mikey\ThinkPHP\Common\functions.php 第 977 行.
NOTIC: [8] Undefined index: m D:\mikey\ThinkPHP\Common\functions.php 第 977 行.
NOTIC: [8] Undefined index: m D:\mikey\ThinkPHP\Common\functions.php 第 977 行.
NOTIC: [8] Undefined index: m D:\mikey\ThinkPHP\Common\functions.php 第 977 行.
NOTIC: [8] Undefined index: m D:\mikey\ThinkPHP\Common\functions.php 第 977 行.
NOTIC: [8] Undefined index: m D:\mikey\ThinkPHP\Common\functions.php 第 977 行.
INFO: Run Behavior\ParseTemplateBehavior [ RunTime:0.024179s ]
INFO: [ view_parse ] --END-- [ RunTime:0.024258s ]
INFO: [ view_filter ] --START--
INFO: Run Behavior\WriteHtmlCacheBehavior [ RunTime:0.001276s ]
INFO: [ view_filter ] --END-- [ RunTime:0.001385s ]
INFO: [ app_end ] --START--
INFO: Run Behavior\ShowPageTraceBehavior [ RunTime:0.001393s ]
INFO: [ app_end ] --END-- [ RunTime:0.001493s ]

[ 2018-12-11T18:50:24+08:00 ] 127.0.0.1 /Index/pdajax
INFO: [ app_init ] --START--
INFO: Run Behavior\BuildLiteBehavior [ RunTime:0.000016s ]
INFO: [ app_init ] --END-- [ RunTime:0.000079s ]
INFO: [ app_begin ] --START--
INFO: Run Behavior\ReadHtmlCacheBehavior [ RunTime:0.000982s ]
INFO: Run Common\Behavior\CheckLangBehavior [ RunTime:0.003167s ]
INFO: [ app_begin ] --END-- [ RunTime:0.004275s ]
SQL: SHOW COLUMNS FROM `ysk_config` [ RunTime:0.0147s ]
SQL: SELECT `value`,`tip`,`options` FROM `ysk_config` WHERE `name` = 'TOGGLE_WEB_SITE' LIMIT 1   [ RunTime:0.0137s ]
SQL: SHOW COLUMNS FROM `ysk_user` [ RunTime:0.0154s ]
SQL: SHOW COLUMNS FROM `ysk_user` [ RunTime:0.0142s ]
SQL: SELECT `status`,`session_id` FROM `ysk_user` WHERE `userid` = 8820 LIMIT 1   [ RunTime:0.0131s ]
SQL: SHOW COLUMNS FROM `ysk_news` [ RunTime:0.0145s ]
SQL: SELECT * FROM `ysk_news` WHERE ( create_time>=1544457600 ) ORDER BY id desc  [ RunTime:0.0140s ]
INFO: [ app_end ] --START--
INFO: Run Behavior\ShowPageTraceBehavior [ RunTime:0.001323s ]
INFO: [ app_end ] --END-- [ RunTime:0.001382s ]

