[ 2018-12-13T17:26:09+08:00 ] 127.0.0.1 /
INFO: [ app_init ] --START--
INFO: Run Behavior\BuildLiteBehavior [ RunTime:0.000016s ]
INFO: [ app_init ] --END-- [ RunTime:0.000095s ]
INFO: [ app_begin ] --START--
INFO: Run Behavior\ReadHtmlCacheBehavior [ RunTime:0.001535s ]
INFO: Run Common\Behavior\CheckLangBehavior [ RunTime:0.004424s ]
INFO: [ app_begin ] --END-- [ RunTime:0.006079s ]
SQL: SHOW COLUMNS FROM `ysk_config` [ RunTime:0.0149s ]
SQL: SELECT `value`,`tip`,`options` FROM `ysk_config` WHERE `name` = 'TOGGLE_WEB_SITE' LIMIT 1   [ RunTime:0.0148s ]
SQL: SHOW COLUMNS FROM `ysk_user` [ RunTime:0.0152s ]
SQL: SHOW COLUMNS FROM `ysk_user` [ RunTime:0.0145s ]
NOTIC: [8] Undefined index: m D:\mikey\ThinkPHP\Common\functions.php 第 977 行.

[ 2018-12-13T17:26:09+08:00 ] 127.0.0.1 /Login/login/l/en-us.html
INFO: [ app_init ] --START--
INFO: Run Behavior\BuildLiteBehavior [ RunTime:0.000026s ]
INFO: [ app_init ] --END-- [ RunTime:0.000138s ]
INFO: [ app_begin ] --START--
INFO: Run Behavior\ReadHtmlCacheBehavior [ RunTime:0.000880s ]
INFO: Run Common\Behavior\CheckLangBehavior [ RunTime:0.002581s ]
INFO: [ app_begin ] --END-- [ RunTime:0.003566s ]
SQL: SHOW COLUMNS FROM `ysk_config` [ RunTime:0.0148s ]
SQL: SELECT `value`,`tip`,`options` FROM `ysk_config` WHERE `name` = 'TOGGLE_WEB_SITE' LIMIT 1   [ RunTime:0.0138s ]
INFO: [ view_parse ] --START--
INFO: [ template_filter ] --START--
INFO: Run Behavior\ContentReplaceBehavior [ RunTime:0.000256s ]
INFO: Run Behavior\TokenBuildBehavior [ RunTime:0.001267s ]
INFO: [ template_filter ] --END-- [ RunTime:0.001666s ]
NOTIC: [8] Undefined index: m D:\mikey\ThinkPHP\Common\functions.php 第 977 行.
NOTIC: [8] Undefined index: m D:\mikey\ThinkPHP\Common\functions.php 第 977 行.
NOTIC: [8] Undefined index: m D:\mikey\ThinkPHP\Common\functions.php 第 977 行.
NOTIC: [8] Undefined index: userid D:\mikey\shop\Runtime\Cache\Home\240394b6020b76fe00096cd3600e5be8.php 第 200 行.
INFO: Run Behavior\ParseTemplateBehavior [ RunTime:0.018385s ]
INFO: [ view_parse ] --END-- [ RunTime:0.018468s ]
INFO: [ view_filter ] --START--
INFO: Run Behavior\WriteHtmlCacheBehavior [ RunTime:0.001695s ]
INFO: [ view_filter ] --END-- [ RunTime:0.001782s ]
INFO: [ app_end ] --START--
INFO: Run Behavior\ShowPageTraceBehavior [ RunTime:0.002161s ]
INFO: [ app_end ] --END-- [ RunTime:0.002257s ]

[ 2018-12-13T17:26:10+08:00 ] 127.0.0.1 /favicon.ico
INFO: [ app_init ] --START--
INFO: Run Behavior\BuildLiteBehavior [ RunTime:0.000016s ]
INFO: [ app_init ] --END-- [ RunTime:0.000076s ]

[ 2018-12-13T17:26:29+08:00 ] 127.0.0.1 /Login/checkLogin.html
INFO: [ app_init ] --START--
INFO: Run Behavior\BuildLiteBehavior [ RunTime:0.000014s ]
INFO: [ app_init ] --END-- [ RunTime:0.000074s ]
INFO: [ app_begin ] --START--
INFO: Run Behavior\ReadHtmlCacheBehavior [ RunTime:0.000866s ]
INFO: Run Common\Behavior\CheckLangBehavior [ RunTime:0.002599s ]
INFO: [ app_begin ] --END-- [ RunTime:0.003556s ]
SQL: SHOW COLUMNS FROM `ysk_user` [ RunTime:0.0139s ]
SQL: SELECT * FROM `ysk_user` WHERE ( `mobile` = '8820' OR `account` = '8820' OR `userid` = '8820' OR `email` = '8820' ) LIMIT 1   [ RunTime:0.0155s ]

[ 2018-12-13T17:26:35+08:00 ] 127.0.0.1 /Login/Lang
INFO: [ app_init ] --START--
INFO: Run Behavior\BuildLiteBehavior [ RunTime:0.000014s ]
INFO: [ app_init ] --END-- [ RunTime:0.000157s ]
INFO: [ app_begin ] --START--
INFO: Run Behavior\ReadHtmlCacheBehavior [ RunTime:0.000876s ]
INFO: Run Common\Behavior\CheckLangBehavior [ RunTime:0.002522s ]
INFO: [ app_begin ] --END-- [ RunTime:0.003491s ]

[ 2018-12-13T17:26:35+08:00 ] 127.0.0.1 /Login/login/l/en-us.html?l=zh-cn
INFO: [ app_init ] --START--
INFO: Run Behavior\BuildLiteBehavior [ RunTime:0.000014s ]
INFO: [ app_init ] --END-- [ RunTime:0.000074s ]
INFO: [ app_begin ] --START--
INFO: Run Behavior\ReadHtmlCacheBehavior [ RunTime:0.000860s ]
INFO: Run Common\Behavior\CheckLangBehavior [ RunTime:0.004226s ]
INFO: [ app_begin ] --END-- [ RunTime:0.005185s ]
SQL: SHOW COLUMNS FROM `ysk_config` [ RunTime:0.0144s ]
SQL: SELECT `value`,`tip`,`options` FROM `ysk_config` WHERE `name` = 'TOGGLE_WEB_SITE' LIMIT 1   [ RunTime:0.0135s ]
INFO: [ view_parse ] --START--
INFO: [ template_filter ] --START--
INFO: Run Behavior\ContentReplaceBehavior [ RunTime:0.000255s ]
INFO: Run Behavior\TokenBuildBehavior [ RunTime:0.000810s ]
INFO: [ template_filter ] --END-- [ RunTime:0.001158s ]
NOTIC: [8] Undefined index: m D:\mikey\ThinkPHP\Common\functions.php 第 977 行.
NOTIC: [8] Undefined index: m D:\mikey\ThinkPHP\Common\functions.php 第 977 行.
NOTIC: [8] Undefined index: m D:\mikey\ThinkPHP\Common\functions.php 第 977 行.
NOTIC: [8] Undefined index: userid D:\mikey\shop\Runtime\Cache\Home\240394b6020b76fe00096cd3600e5be8.php 第 200 行.
INFO: Run Behavior\ParseTemplateBehavior [ RunTime:0.022102s ]
INFO: [ view_parse ] --END-- [ RunTime:0.022153s ]
INFO: [ view_filter ] --START--
INFO: Run Behavior\WriteHtmlCacheBehavior [ RunTime:0.000658s ]
INFO: [ view_filter ] --END-- [ RunTime:0.000705s ]
INFO: [ app_end ] --START--
INFO: Run Behavior\ShowPageTraceBehavior [ RunTime:0.000881s ]
INFO: [ app_end ] --END-- [ RunTime:0.000932s ]

[ 2018-12-13T17:26:43+08:00 ] 127.0.0.1 /Login/checkLogin.html
INFO: [ app_init ] --START--
INFO: Run Behavior\BuildLiteBehavior [ RunTime:0.000013s ]
INFO: [ app_init ] --END-- [ RunTime:0.000074s ]
INFO: [ app_begin ] --START--
INFO: Run Behavior\ReadHtmlCacheBehavior [ RunTime:0.000861s ]
INFO: Run Common\Behavior\CheckLangBehavior [ RunTime:0.002939s ]
INFO: [ app_begin ] --END-- [ RunTime:0.003893s ]
SQL: SHOW COLUMNS FROM `ysk_user` [ RunTime:0.0154s ]
SQL: SELECT * FROM `ysk_user` WHERE ( `mobile` = '8802' OR `account` = '8802' OR `userid` = '8802' OR `email` = '8802' ) LIMIT 1   [ RunTime:0.0166s ]

[ 2018-12-13T17:26:53+08:00 ] 127.0.0.1 /Login/checkLogin.html
INFO: [ app_init ] --START--
INFO: Run Behavior\BuildLiteBehavior [ RunTime:0.000014s ]
INFO: [ app_init ] --END-- [ RunTime:0.000074s ]
INFO: [ app_begin ] --START--
INFO: Run Behavior\ReadHtmlCacheBehavior [ RunTime:0.000884s ]
INFO: Run Common\Behavior\CheckLangBehavior [ RunTime:0.002941s ]
INFO: [ app_begin ] --END-- [ RunTime:0.003917s ]
SQL: SHOW COLUMNS FROM `ysk_user` [ RunTime:0.0154s ]
SQL: SELECT * FROM `ysk_user` WHERE ( `mobile` = '8820' OR `account` = '8820' OR `userid` = '8820' OR `email` = '8820' ) LIMIT 1   [ RunTime:0.0155s ]

[ 2018-12-13T17:26:59+08:00 ] 127.0.0.1 /Login/checkLogin.html
INFO: [ app_init ] --START--
INFO: Run Behavior\BuildLiteBehavior [ RunTime:0.000013s ]
INFO: [ app_init ] --END-- [ RunTime:0.000075s ]
INFO: [ app_begin ] --START--
INFO: Run Behavior\ReadHtmlCacheBehavior [ RunTime:0.000874s ]
INFO: Run Common\Behavior\CheckLangBehavior [ RunTime:0.003288s ]
INFO: [ app_begin ] --END-- [ RunTime:0.004257s ]
SQL: SHOW COLUMNS FROM `ysk_user` [ RunTime:0.0165s ]
SQL: SELECT * FROM `ysk_user` WHERE ( `mobile` = '8820' OR `account` = '8820' OR `userid` = '8820' OR `email` = '8820' ) LIMIT 1   [ RunTime:0.0159s ]

[ 2018-12-13T17:27:33+08:00 ] 127.0.0.1 /Login/checkLogin.html
INFO: [ app_init ] --START--
INFO: Run Behavior\BuildLiteBehavior [ RunTime:0.000014s ]
INFO: [ app_init ] --END-- [ RunTime:0.000077s ]
INFO: [ app_begin ] --START--
INFO: Run Behavior\ReadHtmlCacheBehavior [ RunTime:0.000925s ]
INFO: Run Common\Behavior\CheckLangBehavior [ RunTime:0.003034s ]
INFO: [ app_begin ] --END-- [ RunTime:0.004064s ]
SQL: SHOW COLUMNS FROM `ysk_user` [ RunTime:0.0147s ]
SQL: SELECT * FROM `ysk_user` WHERE ( `mobile` = '8820' OR `account` = '8820' OR `userid` = '8820' OR `email` = '8820' ) LIMIT 1   [ RunTime:0.0144s ]

