[ 2018-12-07T09:45:33+08:00 ] 127.0.0.1 /
INFO: [ app_init ] --START--
INFO: Run Behavior\BuildLiteBehavior [ RunTime:0.000014s ]
INFO: [ app_init ] --END-- [ RunTime:0.000922s ]
INFO: [ app_begin ] --START--
INFO: Run Behavior\ReadHtmlCacheBehavior [ RunTime:0.000629s ]
INFO: Run Common\Behavior\CheckLangBehavior [ RunTime:0.004908s ]
INFO: [ app_begin ] --END-- [ RunTime:0.005634s ]
SQL: SHOW COLUMNS FROM `ysk_config` [ RunTime:0.0168s ]
SQL: SELECT `value`,`tip`,`options` FROM `ysk_config` WHERE `name` = 'TOGGLE_WEB_SITE' LIMIT 1   [ RunTime:0.0217s ]
SQL: SHOW COLUMNS FROM `ysk_user` [ RunTime:0.0148s ]
SQL: SHOW COLUMNS FROM `ysk_user` [ RunTime:0.0148s ]
NOTIC: [8] Undefined index: m D:\mikey\ThinkPHP\Common\functions.php 第 977 行.

[ 2018-12-07T09:45:36+08:00 ] 127.0.0.1 /Login/login/l/en-us.html
INFO: [ app_init ] --START--
INFO: Run Behavior\BuildLiteBehavior [ RunTime:0.000012s ]
INFO: [ app_init ] --END-- [ RunTime:0.000070s ]
INFO: [ app_begin ] --START--
INFO: Run Behavior\ReadHtmlCacheBehavior [ RunTime:0.001040s ]
INFO: Run Common\Behavior\CheckLangBehavior [ RunTime:0.003301s ]
INFO: [ app_begin ] --END-- [ RunTime:0.004520s ]
SQL: SHOW COLUMNS FROM `ysk_config` [ RunTime:0.0147s ]
SQL: SELECT `value`,`tip`,`options` FROM `ysk_config` WHERE `name` = 'TOGGLE_WEB_SITE' LIMIT 1   [ RunTime:0.0233s ]
INFO: [ view_parse ] --START--
INFO: [ template_filter ] --START--
INFO: Run Behavior\ContentReplaceBehavior [ RunTime:0.001384s ]
INFO: Run Behavior\TokenBuildBehavior [ RunTime:0.000638s ]
INFO: [ template_filter ] --END-- [ RunTime:0.002125s ]
NOTIC: [8] Undefined index: m D:\mikey\ThinkPHP\Common\functions.php 第 977 行.
NOTIC: [8] Undefined index: m D:\mikey\ThinkPHP\Common\functions.php 第 977 行.
NOTIC: [8] Undefined index: m D:\mikey\ThinkPHP\Common\functions.php 第 977 行.
NOTIC: [8] Undefined index: userid D:\mikey\shop\Runtime\Cache\Home\240394b6020b76fe00096cd3600e5be8.php 第 200 行.
INFO: Run Behavior\ParseTemplateBehavior [ RunTime:0.024395s ]
INFO: [ view_parse ] --END-- [ RunTime:0.024447s ]
INFO: [ view_filter ] --START--
INFO: Run Behavior\WriteHtmlCacheBehavior [ RunTime:0.000423s ]
INFO: [ view_filter ] --END-- [ RunTime:0.000470s ]
INFO: [ app_end ] --START--
INFO: Run Behavior\ShowPageTraceBehavior [ RunTime:0.000658s ]
INFO: [ app_end ] --END-- [ RunTime:0.000706s ]

[ 2018-12-07T09:45:36+08:00 ] 127.0.0.1 /favicon.ico
INFO: [ app_init ] --START--
INFO: Run Behavior\BuildLiteBehavior [ RunTime:0.000014s ]
INFO: [ app_init ] --END-- [ RunTime:0.000068s ]

[ 2018-12-07T09:45:54+08:00 ] 127.0.0.1 /Login/Lang
INFO: [ app_init ] --START--
INFO: Run Behavior\BuildLiteBehavior [ RunTime:0.000012s ]
INFO: [ app_init ] --END-- [ RunTime:0.000071s ]
INFO: [ app_begin ] --START--
INFO: Run Behavior\ReadHtmlCacheBehavior [ RunTime:0.000529s ]
INFO: Run Common\Behavior\CheckLangBehavior [ RunTime:0.001975s ]
INFO: [ app_begin ] --END-- [ RunTime:0.002593s ]

[ 2018-12-07T09:45:54+08:00 ] 127.0.0.1 /Login/login/l/en-us.html?l=zh-cn
INFO: [ app_init ] --START--
INFO: Run Behavior\BuildLiteBehavior [ RunTime:0.000014s ]
INFO: [ app_init ] --END-- [ RunTime:0.000074s ]
INFO: [ app_begin ] --START--
INFO: Run Behavior\ReadHtmlCacheBehavior [ RunTime:0.000517s ]
INFO: Run Common\Behavior\CheckLangBehavior [ RunTime:0.002478s ]
INFO: [ app_begin ] --END-- [ RunTime:0.003106s ]
SQL: SHOW COLUMNS FROM `ysk_config` [ RunTime:0.0152s ]
SQL: SELECT `value`,`tip`,`options` FROM `ysk_config` WHERE `name` = 'TOGGLE_WEB_SITE' LIMIT 1   [ RunTime:0.0138s ]
INFO: [ view_parse ] --START--
INFO: [ template_filter ] --START--
INFO: Run Behavior\ContentReplaceBehavior [ RunTime:0.000245s ]
INFO: Run Behavior\TokenBuildBehavior [ RunTime:0.000416s ]
INFO: [ template_filter ] --END-- [ RunTime:0.000747s ]
NOTIC: [8] Undefined index: m D:\mikey\ThinkPHP\Common\functions.php 第 977 行.
NOTIC: [8] Undefined index: m D:\mikey\ThinkPHP\Common\functions.php 第 977 行.
NOTIC: [8] Undefined index: m D:\mikey\ThinkPHP\Common\functions.php 第 977 行.
NOTIC: [8] Undefined index: userid D:\mikey\shop\Runtime\Cache\Home\240394b6020b76fe00096cd3600e5be8.php 第 200 行.
INFO: Run Behavior\ParseTemplateBehavior [ RunTime:0.009681s ]
INFO: [ view_parse ] --END-- [ RunTime:0.009732s ]
INFO: [ view_filter ] --START--
INFO: Run Behavior\WriteHtmlCacheBehavior [ RunTime:0.000309s ]
INFO: [ view_filter ] --END-- [ RunTime:0.000355s ]
INFO: [ app_end ] --START--
INFO: Run Behavior\ShowPageTraceBehavior [ RunTime:0.000534s ]
INFO: [ app_end ] --END-- [ RunTime:0.000587s ]

[ 2018-12-07T09:46:11+08:00 ] 127.0.0.1 /Login/register.html?l=zh-cn
INFO: [ app_init ] --START--
INFO: Run Behavior\BuildLiteBehavior [ RunTime:0.000014s ]
INFO: [ app_init ] --END-- [ RunTime:0.000084s ]
INFO: [ app_begin ] --START--
INFO: Run Behavior\ReadHtmlCacheBehavior [ RunTime:0.000562s ]
INFO: Run Common\Behavior\CheckLangBehavior [ RunTime:0.002342s ]
INFO: [ app_begin ] --END-- [ RunTime:0.003006s ]
INFO: [ view_parse ] --START--
INFO: [ template_filter ] --START--
INFO: Run Behavior\ContentReplaceBehavior [ RunTime:0.000401s ]
INFO: Run Behavior\TokenBuildBehavior [ RunTime:0.000557s ]
INFO: [ template_filter ] --END-- [ RunTime:0.001059s ]
NOTIC: [8] Undefined index: m D:\mikey\ThinkPHP\Common\functions.php 第 977 行.
NOTIC: [8] Undefined index: m D:\mikey\ThinkPHP\Common\functions.php 第 977 行.
NOTIC: [8] Undefined index: m D:\mikey\ThinkPHP\Common\functions.php 第 977 行.
NOTIC: [8] Undefined index: m D:\mikey\ThinkPHP\Common\functions.php 第 977 行.
NOTIC: [8] Undefined index: userid D:\mikey\shop\Runtime\Cache\Home\abbfbd930d67a881917b0da746af991b.php 第 369 行.
INFO: Run Behavior\ParseTemplateBehavior [ RunTime:0.013282s ]
INFO: [ view_parse ] --END-- [ RunTime:0.013354s ]
INFO: [ view_filter ] --START--
INFO: Run Behavior\WriteHtmlCacheBehavior [ RunTime:0.000369s ]
INFO: [ view_filter ] --END-- [ RunTime:0.000415s ]
INFO: [ app_end ] --START--
INFO: Run Behavior\ShowPageTraceBehavior [ RunTime:0.000655s ]
INFO: [ app_end ] --END-- [ RunTime:0.000716s ]

[ 2018-12-07T09:46:12+08:00 ] 127.0.0.1 /Home/Login/verify_c.html
INFO: [ app_init ] --START--
INFO: Run Behavior\BuildLiteBehavior [ RunTime:0.000014s ]
INFO: [ app_init ] --END-- [ RunTime:0.000072s ]
INFO: [ app_begin ] --START--
INFO: Run Behavior\ReadHtmlCacheBehavior [ RunTime:0.000852s ]
INFO: Run Common\Behavior\CheckLangBehavior [ RunTime:0.003539s ]
INFO: [ app_begin ] --END-- [ RunTime:0.004556s ]
INFO: [ app_end ] --START--
INFO: Run Behavior\ShowPageTraceBehavior [ RunTime:0.000745s ]
INFO: [ app_end ] --END-- [ RunTime:0.000833s ]

[ 2018-12-07T09:46:49+08:00 ] 127.0.0.1 /Login/check_verify.html
INFO: [ app_init ] --START--
INFO: Run Behavior\BuildLiteBehavior [ RunTime:0.000021s ]
INFO: [ app_init ] --END-- [ RunTime:0.000111s ]
INFO: [ app_begin ] --START--
INFO: Run Behavior\ReadHtmlCacheBehavior [ RunTime:0.000774s ]
INFO: Run Common\Behavior\CheckLangBehavior [ RunTime:0.003598s ]
INFO: [ app_begin ] --END-- [ RunTime:0.004520s ]

[ 2018-12-07T09:46:50+08:00 ] 127.0.0.1 /Home/Login/verify_c.html?0.7923457352613799
INFO: [ app_init ] --START--
INFO: Run Behavior\BuildLiteBehavior [ RunTime:0.000013s ]
INFO: [ app_init ] --END-- [ RunTime:0.000070s ]
INFO: [ app_begin ] --START--
INFO: Run Behavior\ReadHtmlCacheBehavior [ RunTime:0.000505s ]
INFO: Run Common\Behavior\CheckLangBehavior [ RunTime:0.002208s ]
INFO: [ app_begin ] --END-- [ RunTime:0.002808s ]
INFO: [ app_end ] --START--
INFO: Run Behavior\ShowPageTraceBehavior [ RunTime:0.000560s ]
INFO: [ app_end ] --END-- [ RunTime:0.000627s ]

[ 2018-12-07T09:46:54+08:00 ] 127.0.0.1 /Login/check_verify.html
INFO: [ app_init ] --START--
INFO: Run Behavior\BuildLiteBehavior [ RunTime:0.000014s ]
INFO: [ app_init ] --END-- [ RunTime:0.000074s ]
INFO: [ app_begin ] --START--
INFO: Run Behavior\ReadHtmlCacheBehavior [ RunTime:0.000518s ]
INFO: Run Common\Behavior\CheckLangBehavior [ RunTime:0.002240s ]
INFO: [ app_begin ] --END-- [ RunTime:0.002851s ]

[ 2018-12-07T09:47:00+08:00 ] 127.0.0.1 /Login/check_verify.html
INFO: [ app_init ] --START--
INFO: Run Behavior\BuildLiteBehavior [ RunTime:0.000014s ]
INFO: [ app_init ] --END-- [ RunTime:0.000075s ]
INFO: [ app_begin ] --START--
INFO: Run Behavior\ReadHtmlCacheBehavior [ RunTime:0.000518s ]
INFO: Run Common\Behavior\CheckLangBehavior [ RunTime:0.002220s ]
INFO: [ app_begin ] --END-- [ RunTime:0.002828s ]

[ 2018-12-07T09:47:01+08:00 ] 127.0.0.1 /Home/Login/verify_c.html?0.11153677178215005
INFO: [ app_init ] --START--
INFO: Run Behavior\BuildLiteBehavior [ RunTime:0.000028s ]
INFO: [ app_init ] --END-- [ RunTime:0.000138s ]
INFO: [ app_begin ] --START--
INFO: Run Behavior\ReadHtmlCacheBehavior [ RunTime:0.000512s ]
INFO: Run Common\Behavior\CheckLangBehavior [ RunTime:0.002221s ]
INFO: [ app_begin ] --END-- [ RunTime:0.002827s ]
INFO: [ app_end ] --START--
INFO: Run Behavior\ShowPageTraceBehavior [ RunTime:0.000541s ]
INFO: [ app_end ] --END-- [ RunTime:0.000602s ]

[ 2018-12-07T09:47:06+08:00 ] 127.0.0.1 /Login/check_verify.html
INFO: [ app_init ] --START--
INFO: Run Behavior\BuildLiteBehavior [ RunTime:0.000013s ]
INFO: [ app_init ] --END-- [ RunTime:0.000083s ]
INFO: [ app_begin ] --START--
INFO: Run Behavior\ReadHtmlCacheBehavior [ RunTime:0.000513s ]
INFO: Run Common\Behavior\CheckLangBehavior [ RunTime:0.002241s ]
INFO: [ app_begin ] --END-- [ RunTime:0.002843s ]

[ 2018-12-07T09:47:08+08:00 ] 127.0.0.1 /Login/sendCode.html
INFO: [ app_init ] --START--
INFO: Run Behavior\BuildLiteBehavior [ RunTime:0.000014s ]
INFO: [ app_init ] --END-- [ RunTime:0.000074s ]
INFO: [ app_begin ] --START--
INFO: Run Behavior\ReadHtmlCacheBehavior [ RunTime:0.000540s ]
INFO: Run Common\Behavior\CheckLangBehavior [ RunTime:0.002245s ]
INFO: [ app_begin ] --END-- [ RunTime:0.002877s ]
SQL: SHOW COLUMNS FROM `ysk_user` [ RunTime:0.0173s ]
SQL: SELECT COUNT(*) AS tp_count FROM `ysk_user` WHERE `reg_ip` = '127.0.0.1' AND `reg_date` >= 1544112000 LIMIT 1   [ RunTime:0.0148s ]
SQL: SHOW COLUMNS FROM `ysk_preventip` [ RunTime:0.0160s ]
SQL: SELECT * FROM `ysk_preventip` WHERE `ip` = '127.0.0.1' LIMIT 1   [ RunTime:0.0146s ]
SQL: SHOW COLUMNS FROM `ysk_user` [ RunTime:0.0165s ]
SQL: SHOW COLUMNS FROM `ncconfig` [ RunTime:0.0161s ]
SQL: SELECT `value` FROM `ncconfig` WHERE `name` = 'MSG_account' LIMIT 1   [ RunTime:0.0152s ]
SQL: SELECT `value` FROM `ncconfig` WHERE `name` = 'MSG_password' LIMIT 1   [ RunTime:0.0147s ]

[ 2018-12-07T09:47:13+08:00 ] 127.0.0.1 /Login/sendCode.html
INFO: [ app_init ] --START--
INFO: Run Behavior\BuildLiteBehavior [ RunTime:0.000013s ]
INFO: [ app_init ] --END-- [ RunTime:0.000080s ]
INFO: [ app_begin ] --START--
INFO: Run Behavior\ReadHtmlCacheBehavior [ RunTime:0.000517s ]
INFO: Run Common\Behavior\CheckLangBehavior [ RunTime:0.002233s ]
INFO: [ app_begin ] --END-- [ RunTime:0.002839s ]
SQL: SHOW COLUMNS FROM `ysk_user` [ RunTime:0.0168s ]
SQL: SELECT COUNT(*) AS tp_count FROM `ysk_user` WHERE `reg_ip` = '127.0.0.1' AND `reg_date` >= 1544112000 LIMIT 1   [ RunTime:0.0139s ]
SQL: SHOW COLUMNS FROM `ysk_preventip` [ RunTime:0.0145s ]
SQL: SELECT * FROM `ysk_preventip` WHERE `ip` = '127.0.0.1' LIMIT 1   [ RunTime:0.0138s ]
SQL: SHOW COLUMNS FROM `ysk_user` [ RunTime:0.0169s ]

[ 2018-12-07T09:48:39+08:00 ] 127.0.0.1 /logo.png
INFO: [ app_init ] --START--
INFO: Run Behavior\BuildLiteBehavior [ RunTime:0.000014s ]
INFO: [ app_init ] --END-- [ RunTime:0.000071s ]

[ 2018-12-07T09:48:40+08:00 ] 127.0.0.1 /Public/libs/lyui/dist/js/lyui.min.js.map
INFO: [ app_init ] --START--
INFO: Run Behavior\BuildLiteBehavior [ RunTime:0.000015s ]
INFO: [ app_init ] --END-- [ RunTime:0.000080s ]
INFO: [ app_begin ] --START--
INFO: Run Behavior\ReadHtmlCacheBehavior [ RunTime:0.000689s ]
INFO: Run Common\Behavior\CheckLangBehavior [ RunTime:0.003546s ]
INFO: [ app_begin ] --END-- [ RunTime:0.004402s ]
ERR: 无法加载控制器:Public

[ 2018-12-07T09:48:41+08:00 ] 127.0.0.1 /Public/libs/lyui/dist/css/lyui.min.css.map
INFO: [ app_init ] --START--
INFO: Run Behavior\BuildLiteBehavior [ RunTime:0.000014s ]
INFO: [ app_init ] --END-- [ RunTime:0.000090s ]
INFO: [ app_begin ] --START--
INFO: Run Behavior\ReadHtmlCacheBehavior [ RunTime:0.000635s ]
INFO: Run Common\Behavior\CheckLangBehavior [ RunTime:0.002697s ]
INFO: [ app_begin ] --END-- [ RunTime:0.003430s ]
ERR: 无法加载控制器:Public

[ 2018-12-07T09:56:52+08:00 ] 127.0.0.1 /
INFO: [ app_init ] --START--
INFO: Run Behavior\BuildLiteBehavior [ RunTime:0.000013s ]
INFO: [ app_init ] --END-- [ RunTime:0.000084s ]
INFO: [ app_begin ] --START--
INFO: Run Behavior\ReadHtmlCacheBehavior [ RunTime:0.000627s ]
INFO: Run Common\Behavior\CheckLangBehavior [ RunTime:0.002681s ]
INFO: [ app_begin ] --END-- [ RunTime:0.003406s ]
SQL: SHOW COLUMNS FROM `ysk_config` [ RunTime:0.0155s ]
SQL: SELECT `value`,`tip`,`options` FROM `ysk_config` WHERE `name` = 'TOGGLE_WEB_SITE' LIMIT 1   [ RunTime:0.0144s ]
SQL: SHOW COLUMNS FROM `ysk_user` [ RunTime:0.0157s ]
SQL: SHOW COLUMNS FROM `ysk_user` [ RunTime:0.0160s ]
NOTIC: [8] Undefined index: m D:\mikey\ThinkPHP\Common\functions.php 第 977 行.

[ 2018-12-07T09:56:52+08:00 ] 127.0.0.1 /Login/login/l/zh-cn.html
INFO: [ app_init ] --START--
INFO: Run Behavior\BuildLiteBehavior [ RunTime:0.000041s ]
INFO: [ app_init ] --END-- [ RunTime:0.000138s ]
INFO: [ app_begin ] --START--
INFO: Run Behavior\ReadHtmlCacheBehavior [ RunTime:0.000789s ]
INFO: Run Common\Behavior\CheckLangBehavior [ RunTime:0.004395s ]
INFO: [ app_begin ] --END-- [ RunTime:0.005361s ]
SQL: SHOW COLUMNS FROM `ysk_config` [ RunTime:0.0148s ]
SQL: SELECT `value`,`tip`,`options` FROM `ysk_config` WHERE `name` = 'TOGGLE_WEB_SITE' LIMIT 1   [ RunTime:0.0146s ]
INFO: [ view_parse ] --START--
INFO: [ template_filter ] --START--
INFO: Run Behavior\ContentReplaceBehavior [ RunTime:0.000282s ]
INFO: Run Behavior\TokenBuildBehavior [ RunTime:0.000533s ]
INFO: [ template_filter ] --END-- [ RunTime:0.000904s ]
NOTIC: [8] Undefined index: m D:\mikey\ThinkPHP\Common\functions.php 第 977 行.
NOTIC: [8] Undefined index: m D:\mikey\ThinkPHP\Common\functions.php 第 977 行.
NOTIC: [8] Undefined index: m D:\mikey\ThinkPHP\Common\functions.php 第 977 行.
NOTIC: [8] Undefined index: userid D:\mikey\shop\Runtime\Cache\Home\240394b6020b76fe00096cd3600e5be8.php 第 200 行.
INFO: Run Behavior\ParseTemplateBehavior [ RunTime:0.031979s ]
INFO: [ view_parse ] --END-- [ RunTime:0.032052s ]
INFO: [ view_filter ] --START--
INFO: Run Behavior\WriteHtmlCacheBehavior [ RunTime:0.000421s ]
INFO: [ view_filter ] --END-- [ RunTime:0.000466s ]
INFO: [ app_end ] --START--
INFO: Run Behavior\ShowPageTraceBehavior [ RunTime:0.000683s ]
INFO: [ app_end ] --END-- [ RunTime:0.000738s ]

[ 2018-12-07T10:07:47+08:00 ] 127.0.0.1 /Login/register.html?l=zh-cn
INFO: [ app_init ] --START--
INFO: Run Behavior\BuildLiteBehavior [ RunTime:0.000014s ]
INFO: [ app_init ] --END-- [ RunTime:0.000103s ]
INFO: [ app_begin ] --START--
INFO: Run Behavior\ReadHtmlCacheBehavior [ RunTime:0.000625s ]
INFO: Run Common\Behavior\CheckLangBehavior [ RunTime:0.002968s ]
INFO: [ app_begin ] --END-- [ RunTime:0.003689s ]
INFO: [ view_parse ] --START--
INFO: [ template_filter ] --START--
INFO: Run Behavior\ContentReplaceBehavior [ RunTime:0.000414s ]
INFO: Run Behavior\TokenBuildBehavior [ RunTime:0.000603s ]
INFO: [ template_filter ] --END-- [ RunTime:0.001116s ]
NOTIC: [8] Undefined index: m D:\mikey\ThinkPHP\Common\functions.php 第 977 行.
NOTIC: [8] Undefined index: m D:\mikey\ThinkPHP\Common\functions.php 第 977 行.
NOTIC: [8] Undefined index: m D:\mikey\ThinkPHP\Common\functions.php 第 977 行.
NOTIC: [8] Undefined index: m D:\mikey\ThinkPHP\Common\functions.php 第 977 行.
NOTIC: [8] Undefined index: userid D:\mikey\shop\Runtime\Cache\Home\abbfbd930d67a881917b0da746af991b.php 第 369 行.
INFO: Run Behavior\ParseTemplateBehavior [ RunTime:0.026430s ]
INFO: [ view_parse ] --END-- [ RunTime:0.026483s ]
INFO: [ view_filter ] --START--
INFO: Run Behavior\WriteHtmlCacheBehavior [ RunTime:0.000425s ]
INFO: [ view_filter ] --END-- [ RunTime:0.000473s ]
INFO: [ app_end ] --START--
INFO: Run Behavior\ShowPageTraceBehavior [ RunTime:0.000750s ]
INFO: [ app_end ] --END-- [ RunTime:0.000811s ]

[ 2018-12-07T10:07:47+08:00 ] 127.0.0.1 /Home/Login/verify_c.html
INFO: [ app_init ] --START--
INFO: Run Behavior\BuildLiteBehavior [ RunTime:0.000015s ]
INFO: [ app_init ] --END-- [ RunTime:0.000075s ]
INFO: [ app_begin ] --START--
INFO: Run Behavior\ReadHtmlCacheBehavior [ RunTime:0.000545s ]
INFO: Run Common\Behavior\CheckLangBehavior [ RunTime:0.002415s ]
INFO: [ app_begin ] --END-- [ RunTime:0.003088s ]
INFO: [ app_end ] --START--
INFO: Run Behavior\ShowPageTraceBehavior [ RunTime:0.000582s ]
INFO: [ app_end ] --END-- [ RunTime:0.000654s ]

