[ 2018-12-07T09:48:39+08:00 ] 127.0.0.1 /admin
INFO: [ app_init ] --START--
INFO: Run Behavior\BuildLiteBehavior [ RunTime:0.000014s ]
INFO: [ app_init ] --END-- [ RunTime:0.000079s ]
INFO: [ app_begin ] --START--
INFO: Run Behavior\ReadHtmlCacheBehavior [ RunTime:0.000634s ]
INFO: Run Common\Behavior\CheckLangBehavior [ RunTime:0.003033s ]
INFO: [ app_begin ] --END-- [ RunTime:0.003783s ]
NOTIC: [8] Use of undefined constant MODEL_INSERT - assumed 'MODEL_INSERT' D:\mikey\ThinkPHP\Common\functions.php 第 588 行.
SQL: SHOW COLUMNS FROM `ysk_admin` [ RunTime:0.0166s ]

[ 2018-12-07T09:48:39+08:00 ] 127.0.0.1 /admin/Pubss/login.html
INFO: [ app_init ] --START--
INFO: Run Behavior\BuildLiteBehavior [ RunTime:0.000014s ]
INFO: [ app_init ] --END-- [ RunTime:0.000109s ]
INFO: [ app_begin ] --START--
INFO: Run Behavior\ReadHtmlCacheBehavior [ RunTime:0.001003s ]
INFO: Run Common\Behavior\CheckLangBehavior [ RunTime:0.004128s ]
INFO: [ app_begin ] --END-- [ RunTime:0.005305s ]
INFO: [ view_parse ] --START--
INFO: [ template_filter ] --START--
INFO: Run Behavior\ContentReplaceBehavior [ RunTime:0.000168s ]
INFO: Run Behavior\TokenBuildBehavior [ RunTime:0.000499s ]
INFO: [ template_filter ] --END-- [ RunTime:0.000750s ]
INFO: Run Behavior\ParseTemplateBehavior [ RunTime:0.010820s ]
INFO: [ view_parse ] --END-- [ RunTime:0.010872s ]
INFO: [ view_filter ] --START--
INFO: Run Behavior\WriteHtmlCacheBehavior [ RunTime:0.000393s ]
INFO: [ view_filter ] --END-- [ RunTime:0.000437s ]
INFO: [ app_end ] --START--
INFO: Run Behavior\ShowPageTraceBehavior [ RunTime:0.000618s ]
INFO: [ app_end ] --END-- [ RunTime:0.000667s ]

